[2026-02-03T19:42:22.853+0000] {taskinstance.py:1159} INFO - Dependencies all met for dep_context=non-requeueable deps ti=<TaskInstance: stock_data_pipeline.transform_to_silver manual__2026-02-03T19:42:17.351274+00:00 [queued]>
[2026-02-03T19:42:22.857+0000] {taskinstance.py:1159} INFO - Dependencies all met for dep_context=requeueable deps ti=<TaskInstance: stock_data_pipeline.transform_to_silver manual__2026-02-03T19:42:17.351274+00:00 [queued]>
[2026-02-03T19:42:22.857+0000] {taskinstance.py:1361} INFO - Starting attempt 1 of 3
[2026-02-03T19:42:22.864+0000] {taskinstance.py:1382} INFO - Executing <Task(PythonOperator): transform_to_silver> on 2026-02-03 19:42:17.351274+00:00
[2026-02-03T19:42:22.869+0000] {standard_task_runner.py:57} INFO - Started process 545 to run task
[2026-02-03T19:42:22.871+0000] {standard_task_runner.py:84} INFO - Running: ['***', 'tasks', 'run', 'stock_data_pipeline', 'transform_to_silver', 'manual__2026-02-03T19:42:17.351274+00:00', '--job-id', '17', '--raw', '--subdir', 'DAGS_FOLDER/stock_pipeline_dag.py', '--cfg-path', '/tmp/tmp_1xbj2t6']
[2026-02-03T19:42:22.872+0000] {standard_task_runner.py:85} INFO - Job 17: Subtask transform_to_silver
[2026-02-03T19:42:22.904+0000] {task_command.py:416} INFO - Running <TaskInstance: stock_data_pipeline.transform_to_silver manual__2026-02-03T19:42:17.351274+00:00 [running]> on host 3e6d57f63b6a
[2026-02-03T19:42:22.960+0000] {taskinstance.py:1662} INFO - Exporting env vars: AIRFLOW_CTX_DAG_OWNER='data-engineering' AIRFLOW_CTX_DAG_ID='stock_data_pipeline' AIRFLOW_CTX_TASK_ID='transform_to_silver' AIRFLOW_CTX_EXECUTION_DATE='2026-02-03T19:42:17.351274+00:00' AIRFLOW_CTX_TRY_NUMBER='1' AIRFLOW_CTX_DAG_RUN_ID='manual__2026-02-03T19:42:17.351274+00:00'
[2026-02-03T19:42:22.961+0000] {minio_client.py:64} INFO - MinIO client initialized for endpoint: minio:9000
[2026-02-03T19:42:22.966+0000] {minio_client.py:232} INFO - Listed 3 objects in bronze/stocks/
[2026-02-03T19:42:22.967+0000] {minio_client.py:177} INFO - Downloaded JSON from: bronze/stocks/AAPL/2026-02-03.json
[2026-02-03T19:42:22.995+0000] {logging_mixin.py:154} WARNING - /home/***/.local/lib/python3.10/site-packages/pyarrow/pandas_compat.py:456 FutureWarning: is_sparse is deprecated and will be removed in a future version. Check `isinstance(dtype, pd.SparseDtype)` instead.
[2026-02-03T19:42:23.002+0000] {minio_client.py:153} INFO - Uploaded Parquet to: silver/stocks/AAPL/2026-02-03.parquet
[2026-02-03T19:42:23.002+0000] {bronze_to_silver.py:176} INFO - Transformed 100 records for AAPL to Silver layer
[2026-02-03T19:42:23.003+0000] {minio_client.py:177} INFO - Downloaded JSON from: bronze/stocks/AMZN/2026-02-03.json
[2026-02-03T19:42:23.028+0000] {minio_client.py:153} INFO - Uploaded Parquet to: silver/stocks/AMZN/2026-02-03.parquet
[2026-02-03T19:42:23.028+0000] {bronze_to_silver.py:176} INFO - Transformed 100 records for AMZN to Silver layer
[2026-02-03T19:42:23.030+0000] {minio_client.py:177} INFO - Downloaded JSON from: bronze/stocks/MSFT/2026-02-03.json
[2026-02-03T19:42:23.055+0000] {minio_client.py:153} INFO - Uploaded Parquet to: silver/stocks/MSFT/2026-02-03.parquet
[2026-02-03T19:42:23.055+0000] {bronze_to_silver.py:176} INFO - Transformed 100 records for MSFT to Silver layer
[2026-02-03T19:42:23.055+0000] {bronze_to_silver.py:247} INFO - Bronze to Silver complete: 3 files processed for 3 symbols
[2026-02-03T19:42:23.065+0000] {python.py:194} INFO - Done. Returned value was: {'status': 'success', 'symbols_processed': 3, 'files_created': 3}
[2026-02-03T19:42:23.080+0000] {taskinstance.py:1400} INFO - Marking task as SUCCESS. dag_id=stock_data_pipeline, task_id=transform_to_silver, execution_date=20260203T194217, start_date=20260203T194222, end_date=20260203T194223
[2026-02-03T19:42:23.123+0000] {local_task_job_runner.py:228} INFO - Task exited with return code 0
[2026-02-03T19:42:23.143+0000] {taskinstance.py:2778} INFO - 1 downstream tasks scheduled from follow-on schedule check
