[2026-02-03T19:40:01.777+0000] {taskinstance.py:1159} INFO - Dependencies all met for dep_context=non-requeueable deps ti=<TaskInstance: stock_data_pipeline.calculate_kpis manual__2026-02-03T19:39:54+00:00 [queued]>
[2026-02-03T19:40:01.781+0000] {taskinstance.py:1159} INFO - Dependencies all met for dep_context=requeueable deps ti=<TaskInstance: stock_data_pipeline.calculate_kpis manual__2026-02-03T19:39:54+00:00 [queued]>
[2026-02-03T19:40:01.781+0000] {taskinstance.py:1361} INFO - Starting attempt 1 of 3
[2026-02-03T19:40:01.788+0000] {taskinstance.py:1382} INFO - Executing <Task(PythonOperator): calculate_kpis> on 2026-02-03 19:39:54+00:00
[2026-02-03T19:40:01.793+0000] {standard_task_runner.py:57} INFO - Started process 452 to run task
[2026-02-03T19:40:01.794+0000] {standard_task_runner.py:84} INFO - Running: ['***', 'tasks', 'run', 'stock_data_pipeline', 'calculate_kpis', 'manual__2026-02-03T19:39:54+00:00', '--job-id', '14', '--raw', '--subdir', 'DAGS_FOLDER/stock_pipeline_dag.py', '--cfg-path', '/tmp/tmpfz33bl_h']
[2026-02-03T19:40:01.795+0000] {standard_task_runner.py:85} INFO - Job 14: Subtask calculate_kpis
[2026-02-03T19:40:01.829+0000] {task_command.py:416} INFO - Running <TaskInstance: stock_data_pipeline.calculate_kpis manual__2026-02-03T19:39:54+00:00 [running]> on host 3e6d57f63b6a
[2026-02-03T19:40:01.896+0000] {taskinstance.py:1662} INFO - Exporting env vars: AIRFLOW_CTX_DAG_OWNER='data-engineering' AIRFLOW_CTX_DAG_ID='stock_data_pipeline' AIRFLOW_CTX_TASK_ID='calculate_kpis' AIRFLOW_CTX_EXECUTION_DATE='2026-02-03T19:39:54+00:00' AIRFLOW_CTX_TRY_NUMBER='1' AIRFLOW_CTX_DAG_RUN_ID='manual__2026-02-03T19:39:54+00:00'
[2026-02-03T19:40:01.897+0000] {minio_client.py:64} INFO - MinIO client initialized for endpoint: minio:9000
[2026-02-03T19:40:01.902+0000] {minio_client.py:232} INFO - Listed 2 objects in silver/stocks/
[2026-02-03T19:40:01.904+0000] {minio_client.py:232} INFO - Listed 1 objects in silver/stocks/AAPL/
[2026-02-03T19:40:01.905+0000] {minio_client.py:201} INFO - Downloaded Parquet from: silver/stocks/AAPL/2026-02-03.parquet
[2026-02-03T19:40:01.930+0000] {logging_mixin.py:154} WARNING - /home/***/.local/lib/python3.10/site-packages/pyarrow/pandas_compat.py:456 FutureWarning: is_sparse is deprecated and will be removed in a future version. Check `isinstance(dtype, pd.SparseDtype)` instead.
[2026-02-03T19:40:01.936+0000] {minio_client.py:153} INFO - Uploaded Parquet to: gold/kpis/daily/AAPL/2026-02-03.parquet
[2026-02-03T19:40:01.936+0000] {silver_to_gold.py:219} INFO - Calculated KPIs for AAPL: 100 records
[2026-02-03T19:40:01.937+0000] {minio_client.py:232} INFO - Listed 1 objects in silver/stocks/AMZN/
[2026-02-03T19:40:01.938+0000] {minio_client.py:201} INFO - Downloaded Parquet from: silver/stocks/AMZN/2026-02-03.parquet
[2026-02-03T19:40:01.947+0000] {logging_mixin.py:154} WARNING - /home/***/.local/lib/python3.10/site-packages/pyarrow/pandas_compat.py:456 FutureWarning: is_sparse is deprecated and will be removed in a future version. Check `isinstance(dtype, pd.SparseDtype)` instead.
[2026-02-03T19:40:01.952+0000] {minio_client.py:153} INFO - Uploaded Parquet to: gold/kpis/daily/AMZN/2026-02-03.parquet
[2026-02-03T19:40:01.952+0000] {silver_to_gold.py:219} INFO - Calculated KPIs for AMZN: 100 records
[2026-02-03T19:40:01.953+0000] {silver_to_gold.py:281} INFO - Silver to Gold complete: 2/2 symbols processed
[2026-02-03T19:40:01.962+0000] {python.py:194} INFO - Done. Returned value was: {'status': 'success', 'symbols_processed': 2, 'total_symbols': 2}
[2026-02-03T19:40:01.977+0000] {taskinstance.py:1400} INFO - Marking task as SUCCESS. dag_id=stock_data_pipeline, task_id=calculate_kpis, execution_date=20260203T193954, start_date=20260203T194001, end_date=20260203T194001
[2026-02-03T19:40:02.006+0000] {local_task_job_runner.py:228} INFO - Task exited with return code 0
[2026-02-03T19:40:02.034+0000] {taskinstance.py:2778} INFO - 1 downstream tasks scheduled from follow-on schedule check
