[2026-02-05T09:01:07.669+0000] {taskinstance.py:1159} INFO - Dependencies all met for dep_context=non-requeueable deps ti=<TaskInstance: stock_data_pipeline.fetch_stock_data manual__2026-02-05T09:01:05.135633+00:00 [queued]>
[2026-02-05T09:01:07.674+0000] {taskinstance.py:1159} INFO - Dependencies all met for dep_context=requeueable deps ti=<TaskInstance: stock_data_pipeline.fetch_stock_data manual__2026-02-05T09:01:05.135633+00:00 [queued]>
[2026-02-05T09:01:07.674+0000] {taskinstance.py:1361} INFO - Starting attempt 1 of 3
[2026-02-05T09:01:07.681+0000] {taskinstance.py:1382} INFO - Executing <Task(PythonOperator): fetch_stock_data> on 2026-02-05 09:01:05.135633+00:00
[2026-02-05T09:01:07.684+0000] {standard_task_runner.py:57} INFO - Started process 201 to run task
[2026-02-05T09:01:07.687+0000] {standard_task_runner.py:84} INFO - Running: ['***', 'tasks', 'run', 'stock_data_pipeline', 'fetch_stock_data', 'manual__2026-02-05T09:01:05.135633+00:00', '--job-id', '73', '--raw', '--subdir', 'DAGS_FOLDER/stock_pipeline_dag.py', '--cfg-path', '/tmp/tmpjgply3g3']
[2026-02-05T09:01:07.687+0000] {standard_task_runner.py:85} INFO - Job 73: Subtask fetch_stock_data
[2026-02-05T09:01:07.721+0000] {task_command.py:416} INFO - Running <TaskInstance: stock_data_pipeline.fetch_stock_data manual__2026-02-05T09:01:05.135633+00:00 [running]> on host a369b519bc2e
[2026-02-05T09:01:07.778+0000] {taskinstance.py:1662} INFO - Exporting env vars: AIRFLOW_CTX_DAG_OWNER='data-engineering' AIRFLOW_CTX_DAG_ID='stock_data_pipeline' AIRFLOW_CTX_TASK_ID='fetch_stock_data' AIRFLOW_CTX_EXECUTION_DATE='2026-02-05T09:01:05.135633+00:00' AIRFLOW_CTX_TRY_NUMBER='1' AIRFLOW_CTX_DAG_RUN_ID='manual__2026-02-05T09:01:05.135633+00:00'
[2026-02-05T09:01:07.780+0000] {minio_client.py:64} INFO - MinIO client initialized for endpoint: minio:9000
[2026-02-05T09:01:07.783+0000] {minio_client.py:76} INFO - Bucket already exists: bronze
[2026-02-05T09:01:07.784+0000] {minio_client.py:76} INFO - Bucket already exists: silver
[2026-02-05T09:01:07.785+0000] {minio_client.py:76} INFO - Bucket already exists: gold
[2026-02-05T09:01:07.785+0000] {stock_fetcher.py:155} INFO - Processing symbol: AAPL
[2026-02-05T09:01:07.785+0000] {stock_fetcher.py:73} INFO - Fetching daily data for AAPL...
[2026-02-05T09:01:11.788+0000] {stock_fetcher.py:96} ERROR - Request failed for AAPL: HTTPSConnectionPool(host='www.alphavantage.co', port=443): Max retries exceeded with url: /query?function=TIME_SERIES_DAILY&symbol=AAPL&outputsize=compact&apikey=5QYXB6VR9EIU42UG (Caused by NewConnectionError('<urllib3.connection.HTTPSConnection object at 0x721a22567f70>: Failed to establish a new connection: [Errno 101] Network is unreachable'))
[2026-02-05T09:01:11.789+0000] {stock_fetcher.py:162} WARNING - Failed to fetch/store data for AAPL
[2026-02-05T09:01:11.789+0000] {stock_fetcher.py:155} INFO - Processing symbol: GOOG
[2026-02-05T09:01:11.789+0000] {stock_fetcher.py:73} INFO - Fetching daily data for GOOG...
[2026-02-05T09:01:13.577+0000] {stock_fetcher.py:92} INFO - Successfully fetched data for GOOG
[2026-02-05T09:01:13.590+0000] {minio_client.py:114} INFO - Uploaded JSON to: bronze/stocks/GOOG/2026-02-05.json
[2026-02-05T09:01:13.590+0000] {stock_fetcher.py:160} INFO - Stored GOOG data at: bronze/stocks/GOOG/2026-02-05.json
[2026-02-05T09:01:13.590+0000] {stock_fetcher.py:155} INFO - Processing symbol: MSFT
[2026-02-05T09:01:13.590+0000] {stock_fetcher.py:73} INFO - Fetching daily data for MSFT...
[2026-02-05T09:01:14.335+0000] {stock_fetcher.py:89} ERROR - Unexpected response format for MSFT
[2026-02-05T09:01:14.336+0000] {stock_fetcher.py:162} WARNING - Failed to fetch/store data for MSFT
[2026-02-05T09:01:14.337+0000] {stock_fetcher.py:155} INFO - Processing symbol: AMZN
[2026-02-05T09:01:14.337+0000] {stock_fetcher.py:73} INFO - Fetching daily data for AMZN...
[2026-02-05T09:01:14.843+0000] {stock_fetcher.py:92} INFO - Successfully fetched data for AMZN
[2026-02-05T09:01:14.856+0000] {minio_client.py:114} INFO - Uploaded JSON to: bronze/stocks/AMZN/2026-02-05.json
[2026-02-05T09:01:14.856+0000] {stock_fetcher.py:160} INFO - Stored AMZN data at: bronze/stocks/AMZN/2026-02-05.json
[2026-02-05T09:01:14.856+0000] {stock_fetcher.py:194} INFO - Ingestion complete: 2/4 symbols successful
[2026-02-05T09:01:14.865+0000] {python.py:194} INFO - Done. Returned value was: {'status': 'success', 'symbols_processed': 2, 'total_symbols': 4}
[2026-02-05T09:01:14.880+0000] {taskinstance.py:1400} INFO - Marking task as SUCCESS. dag_id=stock_data_pipeline, task_id=fetch_stock_data, execution_date=20260205T090105, start_date=20260205T090107, end_date=20260205T090114
[2026-02-05T09:01:14.926+0000] {local_task_job_runner.py:228} INFO - Task exited with return code 0
[2026-02-05T09:01:14.947+0000] {taskinstance.py:2778} INFO - 1 downstream tasks scheduled from follow-on schedule check
