[2026-02-05T09:01:17.833+0000] {taskinstance.py:1159} INFO - Dependencies all met for dep_context=non-requeueable deps ti=<TaskInstance: stock_data_pipeline.load_to_warehouse manual__2026-02-05T09:01:05.135633+00:00 [queued]>
[2026-02-05T09:01:17.839+0000] {taskinstance.py:1159} INFO - Dependencies all met for dep_context=requeueable deps ti=<TaskInstance: stock_data_pipeline.load_to_warehouse manual__2026-02-05T09:01:05.135633+00:00 [queued]>
[2026-02-05T09:01:17.839+0000] {taskinstance.py:1361} INFO - Starting attempt 1 of 3
[2026-02-05T09:01:17.846+0000] {taskinstance.py:1382} INFO - Executing <Task(PythonOperator): load_to_warehouse> on 2026-02-05 09:01:05.135633+00:00
[2026-02-05T09:01:17.850+0000] {standard_task_runner.py:57} INFO - Started process 233 to run task
[2026-02-05T09:01:17.852+0000] {standard_task_runner.py:84} INFO - Running: ['***', 'tasks', 'run', 'stock_data_pipeline', 'load_to_warehouse', 'manual__2026-02-05T09:01:05.135633+00:00', '--job-id', '76', '--raw', '--subdir', 'DAGS_FOLDER/stock_pipeline_dag.py', '--cfg-path', '/tmp/tmpq5z1owu7']
[2026-02-05T09:01:17.852+0000] {standard_task_runner.py:85} INFO - Job 76: Subtask load_to_warehouse
[2026-02-05T09:01:17.882+0000] {task_command.py:416} INFO - Running <TaskInstance: stock_data_pipeline.load_to_warehouse manual__2026-02-05T09:01:05.135633+00:00 [running]> on host a369b519bc2e
[2026-02-05T09:01:17.935+0000] {taskinstance.py:1662} INFO - Exporting env vars: AIRFLOW_CTX_DAG_OWNER='data-engineering' AIRFLOW_CTX_DAG_ID='stock_data_pipeline' AIRFLOW_CTX_TASK_ID='load_to_warehouse' AIRFLOW_CTX_EXECUTION_DATE='2026-02-05T09:01:05.135633+00:00' AIRFLOW_CTX_TRY_NUMBER='1' AIRFLOW_CTX_DAG_RUN_ID='manual__2026-02-05T09:01:05.135633+00:00'
[2026-02-05T09:01:17.937+0000] {minio_client.py:64} INFO - MinIO client initialized for endpoint: minio:9000
[2026-02-05T09:01:17.942+0000] {minio_client.py:232} INFO - Listed 10 objects in gold/kpis/daily/
[2026-02-05T09:01:17.943+0000] {minio_client.py:201} INFO - Downloaded Parquet from: gold/kpis/daily/AAPL/2026-02-03.parquet
[2026-02-05T09:01:17.978+0000] {warehouse.py:183} INFO - Inserted/updated 100 KPI records
[2026-02-05T09:01:17.980+0000] {minio_client.py:201} INFO - Downloaded Parquet from: gold/kpis/daily/AAPL/2026-02-04.parquet
[2026-02-05T09:01:17.996+0000] {warehouse.py:183} INFO - Inserted/updated 101 KPI records
[2026-02-05T09:01:17.997+0000] {minio_client.py:201} INFO - Downloaded Parquet from: gold/kpis/daily/AAPL/2026-02-05.parquet
[2026-02-05T09:01:18.013+0000] {warehouse.py:183} INFO - Inserted/updated 101 KPI records
[2026-02-05T09:01:18.016+0000] {minio_client.py:201} INFO - Downloaded Parquet from: gold/kpis/daily/AMZN/2026-02-03.parquet
[2026-02-05T09:01:18.031+0000] {warehouse.py:183} INFO - Inserted/updated 100 KPI records
[2026-02-05T09:01:18.033+0000] {minio_client.py:201} INFO - Downloaded Parquet from: gold/kpis/daily/AMZN/2026-02-04.parquet
[2026-02-05T09:01:18.050+0000] {warehouse.py:183} INFO - Inserted/updated 101 KPI records
[2026-02-05T09:01:18.052+0000] {minio_client.py:201} INFO - Downloaded Parquet from: gold/kpis/daily/AMZN/2026-02-05.parquet
[2026-02-05T09:01:18.068+0000] {warehouse.py:183} INFO - Inserted/updated 102 KPI records
[2026-02-05T09:01:18.070+0000] {minio_client.py:201} INFO - Downloaded Parquet from: gold/kpis/daily/GOOG/2026-02-05.parquet
[2026-02-05T09:01:18.086+0000] {warehouse.py:183} INFO - Inserted/updated 100 KPI records
[2026-02-05T09:01:18.087+0000] {minio_client.py:201} INFO - Downloaded Parquet from: gold/kpis/daily/MSFT/2026-02-03.parquet
[2026-02-05T09:01:18.103+0000] {warehouse.py:183} INFO - Inserted/updated 100 KPI records
[2026-02-05T09:01:18.105+0000] {minio_client.py:201} INFO - Downloaded Parquet from: gold/kpis/daily/MSFT/2026-02-04.parquet
[2026-02-05T09:01:18.120+0000] {warehouse.py:183} INFO - Inserted/updated 100 KPI records
[2026-02-05T09:01:18.122+0000] {minio_client.py:201} INFO - Downloaded Parquet from: gold/kpis/daily/MSFT/2026-02-05.parquet
[2026-02-05T09:01:18.137+0000] {warehouse.py:183} INFO - Inserted/updated 100 KPI records
[2026-02-05T09:01:18.137+0000] {python.py:194} INFO - Done. Returned value was: {'status': 'success', 'files_processed': 10, 'rows_inserted': 1005}
[2026-02-05T09:01:18.153+0000] {taskinstance.py:1400} INFO - Marking task as SUCCESS. dag_id=stock_data_pipeline, task_id=load_to_warehouse, execution_date=20260205T090105, start_date=20260205T090117, end_date=20260205T090118
[2026-02-05T09:01:18.184+0000] {local_task_job_runner.py:228} INFO - Task exited with return code 0
[2026-02-05T09:01:18.210+0000] {taskinstance.py:2778} INFO - 0 downstream tasks scheduled from follow-on schedule check
