[2026-02-04T18:00:06.868+0000] {taskinstance.py:1159} INFO - Dependencies all met for dep_context=non-requeueable deps ti=<TaskInstance: stock_data_pipeline.load_to_warehouse scheduled__2026-02-03T18:00:00+00:00 [queued]>
[2026-02-04T18:00:06.873+0000] {taskinstance.py:1159} INFO - Dependencies all met for dep_context=requeueable deps ti=<TaskInstance: stock_data_pipeline.load_to_warehouse scheduled__2026-02-03T18:00:00+00:00 [queued]>
[2026-02-04T18:00:06.873+0000] {taskinstance.py:1361} INFO - Starting attempt 1 of 3
[2026-02-04T18:00:06.881+0000] {taskinstance.py:1382} INFO - Executing <Task(PythonOperator): load_to_warehouse> on 2026-02-03 18:00:00+00:00
[2026-02-04T18:00:06.885+0000] {standard_task_runner.py:57} INFO - Started process 2318 to run task
[2026-02-04T18:00:06.886+0000] {standard_task_runner.py:84} INFO - Running: ['***', 'tasks', 'run', 'stock_data_pipeline', 'load_to_warehouse', 'scheduled__2026-02-03T18:00:00+00:00', '--job-id', '68', '--raw', '--subdir', 'DAGS_FOLDER/stock_pipeline_dag.py', '--cfg-path', '/tmp/tmp0wldmm48']
[2026-02-04T18:00:06.887+0000] {standard_task_runner.py:85} INFO - Job 68: Subtask load_to_warehouse
[2026-02-04T18:00:06.918+0000] {task_command.py:416} INFO - Running <TaskInstance: stock_data_pipeline.load_to_warehouse scheduled__2026-02-03T18:00:00+00:00 [running]> on host 4695a9e010e7
[2026-02-04T18:00:06.966+0000] {taskinstance.py:1662} INFO - Exporting env vars: AIRFLOW_CTX_DAG_OWNER='data-engineering' AIRFLOW_CTX_DAG_ID='stock_data_pipeline' AIRFLOW_CTX_TASK_ID='load_to_warehouse' AIRFLOW_CTX_EXECUTION_DATE='2026-02-03T18:00:00+00:00' AIRFLOW_CTX_TRY_NUMBER='1' AIRFLOW_CTX_DAG_RUN_ID='scheduled__2026-02-03T18:00:00+00:00'
[2026-02-04T18:00:06.968+0000] {minio_client.py:64} INFO - MinIO client initialized for endpoint: minio:9000
[2026-02-04T18:00:06.972+0000] {minio_client.py:232} INFO - Listed 6 objects in gold/kpis/daily/
[2026-02-04T18:00:06.973+0000] {minio_client.py:201} INFO - Downloaded Parquet from: gold/kpis/daily/AAPL/2026-02-03.parquet
[2026-02-04T18:00:07.004+0000] {warehouse.py:183} INFO - Inserted/updated 100 KPI records
[2026-02-04T18:00:07.006+0000] {minio_client.py:201} INFO - Downloaded Parquet from: gold/kpis/daily/AAPL/2026-02-04.parquet
[2026-02-04T18:00:07.021+0000] {warehouse.py:183} INFO - Inserted/updated 101 KPI records
[2026-02-04T18:00:07.023+0000] {minio_client.py:201} INFO - Downloaded Parquet from: gold/kpis/daily/AMZN/2026-02-03.parquet
[2026-02-04T18:00:07.038+0000] {warehouse.py:183} INFO - Inserted/updated 100 KPI records
[2026-02-04T18:00:07.039+0000] {minio_client.py:201} INFO - Downloaded Parquet from: gold/kpis/daily/AMZN/2026-02-04.parquet
[2026-02-04T18:00:07.054+0000] {warehouse.py:183} INFO - Inserted/updated 101 KPI records
[2026-02-04T18:00:07.055+0000] {minio_client.py:201} INFO - Downloaded Parquet from: gold/kpis/daily/MSFT/2026-02-03.parquet
[2026-02-04T18:00:07.070+0000] {warehouse.py:183} INFO - Inserted/updated 100 KPI records
[2026-02-04T18:00:07.071+0000] {minio_client.py:201} INFO - Downloaded Parquet from: gold/kpis/daily/MSFT/2026-02-04.parquet
[2026-02-04T18:00:07.086+0000] {warehouse.py:183} INFO - Inserted/updated 100 KPI records
[2026-02-04T18:00:07.087+0000] {python.py:194} INFO - Done. Returned value was: {'status': 'success', 'files_processed': 6, 'rows_inserted': 602}
[2026-02-04T18:00:07.101+0000] {taskinstance.py:1400} INFO - Marking task as SUCCESS. dag_id=stock_data_pipeline, task_id=load_to_warehouse, execution_date=20260203T180000, start_date=20260204T180006, end_date=20260204T180007
[2026-02-04T18:00:07.138+0000] {local_task_job_runner.py:228} INFO - Task exited with return code 0
[2026-02-04T18:00:07.152+0000] {taskinstance.py:2778} INFO - 0 downstream tasks scheduled from follow-on schedule check
