[2026-02-05T09:06:25.629+0000] {taskinstance.py:1159} INFO - Dependencies all met for dep_context=non-requeueable deps ti=<TaskInstance: stock_data_pipeline.calculate_kpis manual__2026-02-05T09:06:19.979787+00:00 [queued]>
[2026-02-05T09:06:25.635+0000] {taskinstance.py:1159} INFO - Dependencies all met for dep_context=requeueable deps ti=<TaskInstance: stock_data_pipeline.calculate_kpis manual__2026-02-05T09:06:19.979787+00:00 [queued]>
[2026-02-05T09:06:25.635+0000] {taskinstance.py:1361} INFO - Starting attempt 1 of 3
[2026-02-05T09:06:25.642+0000] {taskinstance.py:1382} INFO - Executing <Task(PythonOperator): calculate_kpis> on 2026-02-05 09:06:19.979787+00:00
[2026-02-05T09:06:25.646+0000] {standard_task_runner.py:57} INFO - Started process 381 to run task
[2026-02-05T09:06:25.648+0000] {standard_task_runner.py:84} INFO - Running: ['***', 'tasks', 'run', 'stock_data_pipeline', 'calculate_kpis', 'manual__2026-02-05T09:06:19.979787+00:00', '--job-id', '79', '--raw', '--subdir', 'DAGS_FOLDER/stock_pipeline_dag.py', '--cfg-path', '/tmp/tmp6ho69ffb']
[2026-02-05T09:06:25.649+0000] {standard_task_runner.py:85} INFO - Job 79: Subtask calculate_kpis
[2026-02-05T09:06:25.679+0000] {task_command.py:416} INFO - Running <TaskInstance: stock_data_pipeline.calculate_kpis manual__2026-02-05T09:06:19.979787+00:00 [running]> on host a369b519bc2e
[2026-02-05T09:06:25.733+0000] {taskinstance.py:1662} INFO - Exporting env vars: AIRFLOW_CTX_DAG_OWNER='data-engineering' AIRFLOW_CTX_DAG_ID='stock_data_pipeline' AIRFLOW_CTX_TASK_ID='calculate_kpis' AIRFLOW_CTX_EXECUTION_DATE='2026-02-05T09:06:19.979787+00:00' AIRFLOW_CTX_TRY_NUMBER='1' AIRFLOW_CTX_DAG_RUN_ID='manual__2026-02-05T09:06:19.979787+00:00'
[2026-02-05T09:06:25.735+0000] {minio_client.py:64} INFO - MinIO client initialized for endpoint: minio:9000
[2026-02-05T09:06:25.739+0000] {minio_client.py:232} INFO - Listed 8 objects in silver/stocks/
[2026-02-05T09:06:25.741+0000] {minio_client.py:232} INFO - Listed 1 objects in silver/stocks/GOOG/
[2026-02-05T09:06:25.742+0000] {minio_client.py:201} INFO - Downloaded Parquet from: silver/stocks/GOOG/2026-02-05.parquet
[2026-02-05T09:06:25.763+0000] {logging_mixin.py:154} WARNING - /home/***/.local/lib/python3.10/site-packages/pyarrow/pandas_compat.py:456 FutureWarning: is_sparse is deprecated and will be removed in a future version. Check `isinstance(dtype, pd.SparseDtype)` instead.
[2026-02-05T09:06:25.770+0000] {minio_client.py:153} INFO - Uploaded Parquet to: gold/kpis/daily/GOOG/2026-02-05.parquet
[2026-02-05T09:06:25.770+0000] {silver_to_gold.py:219} INFO - Calculated KPIs for GOOG: 100 records
[2026-02-05T09:06:25.771+0000] {minio_client.py:232} INFO - Listed 3 objects in silver/stocks/AMZN/
[2026-02-05T09:06:25.772+0000] {minio_client.py:201} INFO - Downloaded Parquet from: silver/stocks/AMZN/2026-02-03.parquet
[2026-02-05T09:06:25.775+0000] {minio_client.py:201} INFO - Downloaded Parquet from: silver/stocks/AMZN/2026-02-04.parquet
[2026-02-05T09:06:25.778+0000] {minio_client.py:201} INFO - Downloaded Parquet from: silver/stocks/AMZN/2026-02-05.parquet
[2026-02-05T09:06:25.787+0000] {logging_mixin.py:154} WARNING - /home/***/.local/lib/python3.10/site-packages/pyarrow/pandas_compat.py:456 FutureWarning: is_sparse is deprecated and will be removed in a future version. Check `isinstance(dtype, pd.SparseDtype)` instead.
[2026-02-05T09:06:25.792+0000] {minio_client.py:153} INFO - Uploaded Parquet to: gold/kpis/daily/AMZN/2026-02-05.parquet
[2026-02-05T09:06:25.792+0000] {silver_to_gold.py:219} INFO - Calculated KPIs for AMZN: 102 records
[2026-02-05T09:06:25.794+0000] {minio_client.py:232} INFO - Listed 3 objects in silver/stocks/AAPL/
[2026-02-05T09:06:25.795+0000] {minio_client.py:201} INFO - Downloaded Parquet from: silver/stocks/AAPL/2026-02-03.parquet
[2026-02-05T09:06:25.798+0000] {minio_client.py:201} INFO - Downloaded Parquet from: silver/stocks/AAPL/2026-02-04.parquet
[2026-02-05T09:06:25.801+0000] {minio_client.py:201} INFO - Downloaded Parquet from: silver/stocks/AAPL/2026-02-05.parquet
[2026-02-05T09:06:25.810+0000] {logging_mixin.py:154} WARNING - /home/***/.local/lib/python3.10/site-packages/pyarrow/pandas_compat.py:456 FutureWarning: is_sparse is deprecated and will be removed in a future version. Check `isinstance(dtype, pd.SparseDtype)` instead.
[2026-02-05T09:06:25.815+0000] {minio_client.py:153} INFO - Uploaded Parquet to: gold/kpis/daily/AAPL/2026-02-05.parquet
[2026-02-05T09:06:25.815+0000] {silver_to_gold.py:219} INFO - Calculated KPIs for AAPL: 102 records
[2026-02-05T09:06:25.817+0000] {minio_client.py:232} INFO - Listed 1 objects in silver/stocks/MSFT/
[2026-02-05T09:06:25.817+0000] {minio_client.py:201} INFO - Downloaded Parquet from: silver/stocks/MSFT/2026-02-03.parquet
[2026-02-05T09:06:25.826+0000] {logging_mixin.py:154} WARNING - /home/***/.local/lib/python3.10/site-packages/pyarrow/pandas_compat.py:456 FutureWarning: is_sparse is deprecated and will be removed in a future version. Check `isinstance(dtype, pd.SparseDtype)` instead.
[2026-02-05T09:06:25.831+0000] {minio_client.py:153} INFO - Uploaded Parquet to: gold/kpis/daily/MSFT/2026-02-05.parquet
[2026-02-05T09:06:25.831+0000] {silver_to_gold.py:219} INFO - Calculated KPIs for MSFT: 100 records
[2026-02-05T09:06:25.831+0000] {silver_to_gold.py:281} INFO - Silver to Gold complete: 4/4 symbols processed
[2026-02-05T09:06:25.841+0000] {python.py:194} INFO - Done. Returned value was: {'status': 'success', 'symbols_processed': 4, 'total_symbols': 4}
[2026-02-05T09:06:25.856+0000] {taskinstance.py:1400} INFO - Marking task as SUCCESS. dag_id=stock_data_pipeline, task_id=calculate_kpis, execution_date=20260205T090619, start_date=20260205T090625, end_date=20260205T090625
[2026-02-05T09:06:25.900+0000] {local_task_job_runner.py:228} INFO - Task exited with return code 0
[2026-02-05T09:06:25.936+0000] {taskinstance.py:2778} INFO - 1 downstream tasks scheduled from follow-on schedule check
