[2026-02-04T18:00:01.703+0000] {taskinstance.py:1159} INFO - Dependencies all met for dep_context=non-requeueable deps ti=<TaskInstance: stock_data_pipeline.fetch_stock_data scheduled__2026-02-03T18:00:00+00:00 [queued]>
[2026-02-04T18:00:01.707+0000] {taskinstance.py:1159} INFO - Dependencies all met for dep_context=requeueable deps ti=<TaskInstance: stock_data_pipeline.fetch_stock_data scheduled__2026-02-03T18:00:00+00:00 [queued]>
[2026-02-04T18:00:01.707+0000] {taskinstance.py:1361} INFO - Starting attempt 1 of 3
[2026-02-04T18:00:01.715+0000] {taskinstance.py:1382} INFO - Executing <Task(PythonOperator): fetch_stock_data> on 2026-02-03 18:00:00+00:00
[2026-02-04T18:00:01.719+0000] {standard_task_runner.py:57} INFO - Started process 2293 to run task
[2026-02-04T18:00:01.721+0000] {standard_task_runner.py:84} INFO - Running: ['***', 'tasks', 'run', 'stock_data_pipeline', 'fetch_stock_data', 'scheduled__2026-02-03T18:00:00+00:00', '--job-id', '65', '--raw', '--subdir', 'DAGS_FOLDER/stock_pipeline_dag.py', '--cfg-path', '/tmp/tmp2q8asnkz']
[2026-02-04T18:00:01.722+0000] {standard_task_runner.py:85} INFO - Job 65: Subtask fetch_stock_data
[2026-02-04T18:00:01.753+0000] {task_command.py:416} INFO - Running <TaskInstance: stock_data_pipeline.fetch_stock_data scheduled__2026-02-03T18:00:00+00:00 [running]> on host 4695a9e010e7
[2026-02-04T18:00:01.807+0000] {taskinstance.py:1662} INFO - Exporting env vars: AIRFLOW_CTX_DAG_OWNER='data-engineering' AIRFLOW_CTX_DAG_ID='stock_data_pipeline' AIRFLOW_CTX_TASK_ID='fetch_stock_data' AIRFLOW_CTX_EXECUTION_DATE='2026-02-03T18:00:00+00:00' AIRFLOW_CTX_TRY_NUMBER='1' AIRFLOW_CTX_DAG_RUN_ID='scheduled__2026-02-03T18:00:00+00:00'
[2026-02-04T18:00:01.809+0000] {minio_client.py:64} INFO - MinIO client initialized for endpoint: minio:9000
[2026-02-04T18:00:01.814+0000] {minio_client.py:76} INFO - Bucket already exists: bronze
[2026-02-04T18:00:01.818+0000] {minio_client.py:76} INFO - Bucket already exists: silver
[2026-02-04T18:00:01.820+0000] {minio_client.py:76} INFO - Bucket already exists: gold
[2026-02-04T18:00:01.820+0000] {stock_fetcher.py:155} INFO - Processing symbol: AAPL
[2026-02-04T18:00:01.821+0000] {stock_fetcher.py:73} INFO - Fetching daily data for AAPL...
[2026-02-04T18:00:02.458+0000] {stock_fetcher.py:92} INFO - Successfully fetched data for AAPL
[2026-02-04T18:00:02.471+0000] {minio_client.py:114} INFO - Uploaded JSON to: bronze/stocks/AAPL/2026-02-04.json
[2026-02-04T18:00:02.471+0000] {stock_fetcher.py:160} INFO - Stored AAPL data at: bronze/stocks/AAPL/2026-02-04.json
[2026-02-04T18:00:02.471+0000] {stock_fetcher.py:155} INFO - Processing symbol: GOOGL
[2026-02-04T18:00:02.471+0000] {stock_fetcher.py:73} INFO - Fetching daily data for GOOGL...
[2026-02-04T18:00:02.765+0000] {stock_fetcher.py:89} ERROR - Unexpected response format for GOOGL
[2026-02-04T18:00:02.767+0000] {stock_fetcher.py:162} WARNING - Failed to fetch/store data for GOOGL
[2026-02-04T18:00:02.767+0000] {stock_fetcher.py:155} INFO - Processing symbol: MSFT
[2026-02-04T18:00:02.768+0000] {stock_fetcher.py:73} INFO - Fetching daily data for MSFT...
[2026-02-04T18:00:03.068+0000] {stock_fetcher.py:89} ERROR - Unexpected response format for MSFT
[2026-02-04T18:00:03.069+0000] {stock_fetcher.py:162} WARNING - Failed to fetch/store data for MSFT
[2026-02-04T18:00:03.070+0000] {stock_fetcher.py:155} INFO - Processing symbol: AMZN
[2026-02-04T18:00:03.070+0000] {stock_fetcher.py:73} INFO - Fetching daily data for AMZN...
[2026-02-04T18:00:03.552+0000] {stock_fetcher.py:92} INFO - Successfully fetched data for AMZN
[2026-02-04T18:00:03.558+0000] {minio_client.py:114} INFO - Uploaded JSON to: bronze/stocks/AMZN/2026-02-04.json
[2026-02-04T18:00:03.558+0000] {stock_fetcher.py:160} INFO - Stored AMZN data at: bronze/stocks/AMZN/2026-02-04.json
[2026-02-04T18:00:03.558+0000] {stock_fetcher.py:194} INFO - Ingestion complete: 2/4 symbols successful
[2026-02-04T18:00:03.569+0000] {python.py:194} INFO - Done. Returned value was: {'status': 'success', 'symbols_processed': 2, 'total_symbols': 4}
[2026-02-04T18:00:03.586+0000] {taskinstance.py:1400} INFO - Marking task as SUCCESS. dag_id=stock_data_pipeline, task_id=fetch_stock_data, execution_date=20260203T180000, start_date=20260204T180001, end_date=20260204T180003
[2026-02-04T18:00:03.618+0000] {local_task_job_runner.py:228} INFO - Task exited with return code 0
[2026-02-04T18:00:03.639+0000] {taskinstance.py:2778} INFO - 1 downstream tasks scheduled from follow-on schedule check
