[2026-02-04T11:31:01.689+0000] {taskinstance.py:1159} INFO - Dependencies all met for dep_context=non-requeueable deps ti=<TaskInstance: stock_data_pipeline.load_to_warehouse manual__2026-02-04T11:30:54.742580+00:00 [queued]>
[2026-02-04T11:31:01.695+0000] {taskinstance.py:1159} INFO - Dependencies all met for dep_context=requeueable deps ti=<TaskInstance: stock_data_pipeline.load_to_warehouse manual__2026-02-04T11:30:54.742580+00:00 [queued]>
[2026-02-04T11:31:01.695+0000] {taskinstance.py:1361} INFO - Starting attempt 1 of 3
[2026-02-04T11:31:01.702+0000] {taskinstance.py:1382} INFO - Executing <Task(PythonOperator): load_to_warehouse> on 2026-02-04 11:30:54.742580+00:00
[2026-02-04T11:31:01.707+0000] {standard_task_runner.py:57} INFO - Started process 245 to run task
[2026-02-04T11:31:01.709+0000] {standard_task_runner.py:84} INFO - Running: ['***', 'tasks', 'run', 'stock_data_pipeline', 'load_to_warehouse', 'manual__2026-02-04T11:30:54.742580+00:00', '--job-id', '62', '--raw', '--subdir', 'DAGS_FOLDER/stock_pipeline_dag.py', '--cfg-path', '/tmp/tmpny4rcmke']
[2026-02-04T11:31:01.710+0000] {standard_task_runner.py:85} INFO - Job 62: Subtask load_to_warehouse
[2026-02-04T11:31:01.740+0000] {task_command.py:416} INFO - Running <TaskInstance: stock_data_pipeline.load_to_warehouse manual__2026-02-04T11:30:54.742580+00:00 [running]> on host 4695a9e010e7
[2026-02-04T11:31:01.794+0000] {taskinstance.py:1662} INFO - Exporting env vars: AIRFLOW_CTX_DAG_OWNER='data-engineering' AIRFLOW_CTX_DAG_ID='stock_data_pipeline' AIRFLOW_CTX_TASK_ID='load_to_warehouse' AIRFLOW_CTX_EXECUTION_DATE='2026-02-04T11:30:54.742580+00:00' AIRFLOW_CTX_TRY_NUMBER='1' AIRFLOW_CTX_DAG_RUN_ID='manual__2026-02-04T11:30:54.742580+00:00'
[2026-02-04T11:31:01.796+0000] {minio_client.py:64} INFO - MinIO client initialized for endpoint: minio:9000
[2026-02-04T11:31:01.800+0000] {minio_client.py:232} INFO - Listed 6 objects in gold/kpis/daily/
[2026-02-04T11:31:01.801+0000] {minio_client.py:201} INFO - Downloaded Parquet from: gold/kpis/daily/AAPL/2026-02-03.parquet
[2026-02-04T11:31:01.837+0000] {warehouse.py:183} INFO - Inserted/updated 100 KPI records
[2026-02-04T11:31:01.838+0000] {minio_client.py:201} INFO - Downloaded Parquet from: gold/kpis/daily/AAPL/2026-02-04.parquet
[2026-02-04T11:31:01.855+0000] {warehouse.py:183} INFO - Inserted/updated 101 KPI records
[2026-02-04T11:31:01.856+0000] {minio_client.py:201} INFO - Downloaded Parquet from: gold/kpis/daily/AMZN/2026-02-03.parquet
[2026-02-04T11:31:01.873+0000] {warehouse.py:183} INFO - Inserted/updated 100 KPI records
[2026-02-04T11:31:01.875+0000] {minio_client.py:201} INFO - Downloaded Parquet from: gold/kpis/daily/AMZN/2026-02-04.parquet
[2026-02-04T11:31:01.891+0000] {warehouse.py:183} INFO - Inserted/updated 101 KPI records
[2026-02-04T11:31:01.893+0000] {minio_client.py:201} INFO - Downloaded Parquet from: gold/kpis/daily/MSFT/2026-02-03.parquet
[2026-02-04T11:31:01.909+0000] {warehouse.py:183} INFO - Inserted/updated 100 KPI records
[2026-02-04T11:31:01.910+0000] {minio_client.py:201} INFO - Downloaded Parquet from: gold/kpis/daily/MSFT/2026-02-04.parquet
[2026-02-04T11:31:01.926+0000] {warehouse.py:183} INFO - Inserted/updated 100 KPI records
[2026-02-04T11:31:01.926+0000] {python.py:194} INFO - Done. Returned value was: {'status': 'success', 'files_processed': 6, 'rows_inserted': 602}
[2026-02-04T11:31:01.942+0000] {taskinstance.py:1400} INFO - Marking task as SUCCESS. dag_id=stock_data_pipeline, task_id=load_to_warehouse, execution_date=20260204T113054, start_date=20260204T113101, end_date=20260204T113101
[2026-02-04T11:31:01.961+0000] {local_task_job_runner.py:228} INFO - Task exited with return code 0
[2026-02-04T11:31:01.978+0000] {taskinstance.py:2778} INFO - 0 downstream tasks scheduled from follow-on schedule check
