[2026-02-05T09:01:16.780+0000] {taskinstance.py:1159} INFO - Dependencies all met for dep_context=non-requeueable deps ti=<TaskInstance: stock_data_pipeline.calculate_kpis manual__2026-02-05T09:01:05.135633+00:00 [queued]>
[2026-02-05T09:01:16.785+0000] {taskinstance.py:1159} INFO - Dependencies all met for dep_context=requeueable deps ti=<TaskInstance: stock_data_pipeline.calculate_kpis manual__2026-02-05T09:01:05.135633+00:00 [queued]>
[2026-02-05T09:01:16.785+0000] {taskinstance.py:1361} INFO - Starting attempt 1 of 3
[2026-02-05T09:01:16.793+0000] {taskinstance.py:1382} INFO - Executing <Task(PythonOperator): calculate_kpis> on 2026-02-05 09:01:05.135633+00:00
[2026-02-05T09:01:16.797+0000] {standard_task_runner.py:57} INFO - Started process 220 to run task
[2026-02-05T09:01:16.799+0000] {standard_task_runner.py:84} INFO - Running: ['***', 'tasks', 'run', 'stock_data_pipeline', 'calculate_kpis', 'manual__2026-02-05T09:01:05.135633+00:00', '--job-id', '75', '--raw', '--subdir', 'DAGS_FOLDER/stock_pipeline_dag.py', '--cfg-path', '/tmp/tmpd2h6j5_y']
[2026-02-05T09:01:16.799+0000] {standard_task_runner.py:85} INFO - Job 75: Subtask calculate_kpis
[2026-02-05T09:01:16.830+0000] {task_command.py:416} INFO - Running <TaskInstance: stock_data_pipeline.calculate_kpis manual__2026-02-05T09:01:05.135633+00:00 [running]> on host a369b519bc2e
[2026-02-05T09:01:16.886+0000] {taskinstance.py:1662} INFO - Exporting env vars: AIRFLOW_CTX_DAG_OWNER='data-engineering' AIRFLOW_CTX_DAG_ID='stock_data_pipeline' AIRFLOW_CTX_TASK_ID='calculate_kpis' AIRFLOW_CTX_EXECUTION_DATE='2026-02-05T09:01:05.135633+00:00' AIRFLOW_CTX_TRY_NUMBER='1' AIRFLOW_CTX_DAG_RUN_ID='manual__2026-02-05T09:01:05.135633+00:00'
[2026-02-05T09:01:16.888+0000] {minio_client.py:64} INFO - MinIO client initialized for endpoint: minio:9000
[2026-02-05T09:01:16.893+0000] {minio_client.py:232} INFO - Listed 7 objects in silver/stocks/
[2026-02-05T09:01:16.894+0000] {minio_client.py:232} INFO - Listed 1 objects in silver/stocks/GOOG/
[2026-02-05T09:01:16.895+0000] {minio_client.py:201} INFO - Downloaded Parquet from: silver/stocks/GOOG/2026-02-05.parquet
[2026-02-05T09:01:16.928+0000] {logging_mixin.py:154} WARNING - /home/***/.local/lib/python3.10/site-packages/pyarrow/pandas_compat.py:456 FutureWarning: is_sparse is deprecated and will be removed in a future version. Check `isinstance(dtype, pd.SparseDtype)` instead.
[2026-02-05T09:01:16.935+0000] {minio_client.py:153} INFO - Uploaded Parquet to: gold/kpis/daily/GOOG/2026-02-05.parquet
[2026-02-05T09:01:16.935+0000] {silver_to_gold.py:219} INFO - Calculated KPIs for GOOG: 100 records
[2026-02-05T09:01:16.937+0000] {minio_client.py:232} INFO - Listed 3 objects in silver/stocks/AMZN/
[2026-02-05T09:01:16.938+0000] {minio_client.py:201} INFO - Downloaded Parquet from: silver/stocks/AMZN/2026-02-03.parquet
[2026-02-05T09:01:16.942+0000] {minio_client.py:201} INFO - Downloaded Parquet from: silver/stocks/AMZN/2026-02-04.parquet
[2026-02-05T09:01:16.945+0000] {minio_client.py:201} INFO - Downloaded Parquet from: silver/stocks/AMZN/2026-02-05.parquet
[2026-02-05T09:01:16.954+0000] {logging_mixin.py:154} WARNING - /home/***/.local/lib/python3.10/site-packages/pyarrow/pandas_compat.py:456 FutureWarning: is_sparse is deprecated and will be removed in a future version. Check `isinstance(dtype, pd.SparseDtype)` instead.
[2026-02-05T09:01:16.959+0000] {minio_client.py:153} INFO - Uploaded Parquet to: gold/kpis/daily/AMZN/2026-02-05.parquet
[2026-02-05T09:01:16.959+0000] {silver_to_gold.py:219} INFO - Calculated KPIs for AMZN: 102 records
[2026-02-05T09:01:16.960+0000] {minio_client.py:232} INFO - Listed 2 objects in silver/stocks/AAPL/
[2026-02-05T09:01:16.961+0000] {minio_client.py:201} INFO - Downloaded Parquet from: silver/stocks/AAPL/2026-02-03.parquet
[2026-02-05T09:01:16.964+0000] {minio_client.py:201} INFO - Downloaded Parquet from: silver/stocks/AAPL/2026-02-04.parquet
[2026-02-05T09:01:16.974+0000] {logging_mixin.py:154} WARNING - /home/***/.local/lib/python3.10/site-packages/pyarrow/pandas_compat.py:456 FutureWarning: is_sparse is deprecated and will be removed in a future version. Check `isinstance(dtype, pd.SparseDtype)` instead.
[2026-02-05T09:01:16.979+0000] {minio_client.py:153} INFO - Uploaded Parquet to: gold/kpis/daily/AAPL/2026-02-05.parquet
[2026-02-05T09:01:16.979+0000] {silver_to_gold.py:219} INFO - Calculated KPIs for AAPL: 101 records
[2026-02-05T09:01:16.980+0000] {minio_client.py:232} INFO - Listed 1 objects in silver/stocks/MSFT/
[2026-02-05T09:01:16.981+0000] {minio_client.py:201} INFO - Downloaded Parquet from: silver/stocks/MSFT/2026-02-03.parquet
[2026-02-05T09:01:16.990+0000] {logging_mixin.py:154} WARNING - /home/***/.local/lib/python3.10/site-packages/pyarrow/pandas_compat.py:456 FutureWarning: is_sparse is deprecated and will be removed in a future version. Check `isinstance(dtype, pd.SparseDtype)` instead.
[2026-02-05T09:01:16.995+0000] {minio_client.py:153} INFO - Uploaded Parquet to: gold/kpis/daily/MSFT/2026-02-05.parquet
[2026-02-05T09:01:16.995+0000] {silver_to_gold.py:219} INFO - Calculated KPIs for MSFT: 100 records
[2026-02-05T09:01:16.995+0000] {silver_to_gold.py:281} INFO - Silver to Gold complete: 4/4 symbols processed
[2026-02-05T09:01:17.004+0000] {python.py:194} INFO - Done. Returned value was: {'status': 'success', 'symbols_processed': 4, 'total_symbols': 4}
[2026-02-05T09:01:17.019+0000] {taskinstance.py:1400} INFO - Marking task as SUCCESS. dag_id=stock_data_pipeline, task_id=calculate_kpis, execution_date=20260205T090105, start_date=20260205T090116, end_date=20260205T090117
[2026-02-05T09:01:17.051+0000] {local_task_job_runner.py:228} INFO - Task exited with return code 0
[2026-02-05T09:01:17.080+0000] {taskinstance.py:2778} INFO - 1 downstream tasks scheduled from follow-on schedule check
