[2026-02-04T18:00:04.791+0000] {taskinstance.py:1159} INFO - Dependencies all met for dep_context=non-requeueable deps ti=<TaskInstance: stock_data_pipeline.transform_to_silver scheduled__2026-02-03T18:00:00+00:00 [queued]>
[2026-02-04T18:00:04.797+0000] {taskinstance.py:1159} INFO - Dependencies all met for dep_context=requeueable deps ti=<TaskInstance: stock_data_pipeline.transform_to_silver scheduled__2026-02-03T18:00:00+00:00 [queued]>
[2026-02-04T18:00:04.797+0000] {taskinstance.py:1361} INFO - Starting attempt 1 of 3
[2026-02-04T18:00:04.805+0000] {taskinstance.py:1382} INFO - Executing <Task(PythonOperator): transform_to_silver> on 2026-02-03 18:00:00+00:00
[2026-02-04T18:00:04.809+0000] {standard_task_runner.py:57} INFO - Started process 2296 to run task
[2026-02-04T18:00:04.811+0000] {standard_task_runner.py:84} INFO - Running: ['***', 'tasks', 'run', 'stock_data_pipeline', 'transform_to_silver', 'scheduled__2026-02-03T18:00:00+00:00', '--job-id', '66', '--raw', '--subdir', 'DAGS_FOLDER/stock_pipeline_dag.py', '--cfg-path', '/tmp/tmpktx3ua0i']
[2026-02-04T18:00:04.811+0000] {standard_task_runner.py:85} INFO - Job 66: Subtask transform_to_silver
[2026-02-04T18:00:04.842+0000] {task_command.py:416} INFO - Running <TaskInstance: stock_data_pipeline.transform_to_silver scheduled__2026-02-03T18:00:00+00:00 [running]> on host 4695a9e010e7
[2026-02-04T18:00:04.894+0000] {taskinstance.py:1662} INFO - Exporting env vars: AIRFLOW_CTX_DAG_OWNER='data-engineering' AIRFLOW_CTX_DAG_ID='stock_data_pipeline' AIRFLOW_CTX_TASK_ID='transform_to_silver' AIRFLOW_CTX_EXECUTION_DATE='2026-02-03T18:00:00+00:00' AIRFLOW_CTX_TRY_NUMBER='1' AIRFLOW_CTX_DAG_RUN_ID='scheduled__2026-02-03T18:00:00+00:00'
[2026-02-04T18:00:04.895+0000] {minio_client.py:64} INFO - MinIO client initialized for endpoint: minio:9000
[2026-02-04T18:00:04.900+0000] {minio_client.py:232} INFO - Listed 5 objects in bronze/stocks/
[2026-02-04T18:00:04.901+0000] {minio_client.py:177} INFO - Downloaded JSON from: bronze/stocks/AAPL/2026-02-03.json
[2026-02-04T18:00:04.932+0000] {logging_mixin.py:154} WARNING - /home/***/.local/lib/python3.10/site-packages/pyarrow/pandas_compat.py:456 FutureWarning: is_sparse is deprecated and will be removed in a future version. Check `isinstance(dtype, pd.SparseDtype)` instead.
[2026-02-04T18:00:04.945+0000] {minio_client.py:153} INFO - Uploaded Parquet to: silver/stocks/AAPL/2026-02-03.parquet
[2026-02-04T18:00:04.945+0000] {bronze_to_silver.py:176} INFO - Transformed 100 records for AAPL to Silver layer
[2026-02-04T18:00:04.947+0000] {minio_client.py:177} INFO - Downloaded JSON from: bronze/stocks/AAPL/2026-02-04.json
[2026-02-04T18:00:04.970+0000] {minio_client.py:153} INFO - Uploaded Parquet to: silver/stocks/AAPL/2026-02-04.parquet
[2026-02-04T18:00:04.971+0000] {bronze_to_silver.py:176} INFO - Transformed 100 records for AAPL to Silver layer
[2026-02-04T18:00:04.972+0000] {minio_client.py:177} INFO - Downloaded JSON from: bronze/stocks/AMZN/2026-02-03.json
[2026-02-04T18:00:04.995+0000] {minio_client.py:153} INFO - Uploaded Parquet to: silver/stocks/AMZN/2026-02-03.parquet
[2026-02-04T18:00:04.995+0000] {bronze_to_silver.py:176} INFO - Transformed 100 records for AMZN to Silver layer
[2026-02-04T18:00:04.996+0000] {minio_client.py:177} INFO - Downloaded JSON from: bronze/stocks/AMZN/2026-02-04.json
[2026-02-04T18:00:05.019+0000] {minio_client.py:153} INFO - Uploaded Parquet to: silver/stocks/AMZN/2026-02-04.parquet
[2026-02-04T18:00:05.019+0000] {bronze_to_silver.py:176} INFO - Transformed 100 records for AMZN to Silver layer
[2026-02-04T18:00:05.020+0000] {minio_client.py:177} INFO - Downloaded JSON from: bronze/stocks/MSFT/2026-02-03.json
[2026-02-04T18:00:05.043+0000] {minio_client.py:153} INFO - Uploaded Parquet to: silver/stocks/MSFT/2026-02-03.parquet
[2026-02-04T18:00:05.043+0000] {bronze_to_silver.py:176} INFO - Transformed 100 records for MSFT to Silver layer
[2026-02-04T18:00:05.043+0000] {bronze_to_silver.py:247} INFO - Bronze to Silver complete: 5 files processed for 3 symbols
[2026-02-04T18:00:05.052+0000] {python.py:194} INFO - Done. Returned value was: {'status': 'success', 'symbols_processed': 3, 'files_created': 5}
[2026-02-04T18:00:05.066+0000] {taskinstance.py:1400} INFO - Marking task as SUCCESS. dag_id=stock_data_pipeline, task_id=transform_to_silver, execution_date=20260203T180000, start_date=20260204T180004, end_date=20260204T180005
[2026-02-04T18:00:05.103+0000] {local_task_job_runner.py:228} INFO - Task exited with return code 0
[2026-02-04T18:00:05.133+0000] {taskinstance.py:2778} INFO - 1 downstream tasks scheduled from follow-on schedule check
