[2026-02-03T19:18:10.908+0000] {processor.py:157} INFO - Started process (PID=171) to work on /opt/airflow/dags/stock_pipeline_dag.py
[2026-02-03T19:18:10.909+0000] {processor.py:829} INFO - Processing file /opt/airflow/dags/stock_pipeline_dag.py for tasks to queue
[2026-02-03T19:18:10.909+0000] {logging_mixin.py:154} INFO - [2026-02-03T19:18:10.909+0000] {dagbag.py:536} INFO - Filling up the DagBag from /opt/airflow/dags/stock_pipeline_dag.py
[2026-02-03T19:18:11.873+0000] {logging_mixin.py:154} INFO - [2026-02-03T19:18:11.871+0000] {dagbag.py:346} ERROR - Failed to import: /opt/airflow/dags/stock_pipeline_dag.py
Traceback (most recent call last):
  File "/home/airflow/.local/lib/python3.10/site-packages/airflow/models/dagbag.py", line 342, in parse
    loader.exec_module(new_module)
  File "<frozen importlib._bootstrap_external>", line 883, in exec_module
  File "<frozen importlib._bootstrap>", line 241, in _call_with_frames_removed
  File "/opt/airflow/dags/stock_pipeline_dag.py", line 25, in <module>
    from ingestion.stock_fetcher import ingest_stock_data
  File "/opt/airflow/src/ingestion/stock_fetcher.py", line 15, in <module>
    from ingestion.minio_client import get_datalake, BRONZE_BUCKET
  File "/opt/airflow/src/ingestion/minio_client.py", line 16, in <module>
    from minio import Minio
ModuleNotFoundError: No module named 'minio'
[2026-02-03T19:18:11.873+0000] {processor.py:841} WARNING - No viable dags retrieved from /opt/airflow/dags/stock_pipeline_dag.py
[2026-02-03T19:18:11.886+0000] {processor.py:179} INFO - Processing /opt/airflow/dags/stock_pipeline_dag.py took 0.980 seconds
[2026-02-03T19:18:42.008+0000] {processor.py:157} INFO - Started process (PID=185) to work on /opt/airflow/dags/stock_pipeline_dag.py
[2026-02-03T19:18:42.009+0000] {processor.py:829} INFO - Processing file /opt/airflow/dags/stock_pipeline_dag.py for tasks to queue
[2026-02-03T19:18:42.009+0000] {logging_mixin.py:154} INFO - [2026-02-03T19:18:42.009+0000] {dagbag.py:536} INFO - Filling up the DagBag from /opt/airflow/dags/stock_pipeline_dag.py
[2026-02-03T19:18:42.208+0000] {logging_mixin.py:154} INFO - [2026-02-03T19:18:42.207+0000] {dagbag.py:346} ERROR - Failed to import: /opt/airflow/dags/stock_pipeline_dag.py
Traceback (most recent call last):
  File "/home/airflow/.local/lib/python3.10/site-packages/airflow/models/dagbag.py", line 342, in parse
    loader.exec_module(new_module)
  File "<frozen importlib._bootstrap_external>", line 883, in exec_module
  File "<frozen importlib._bootstrap>", line 241, in _call_with_frames_removed
  File "/opt/airflow/dags/stock_pipeline_dag.py", line 25, in <module>
    from ingestion.stock_fetcher import ingest_stock_data
  File "/opt/airflow/src/ingestion/stock_fetcher.py", line 15, in <module>
    from ingestion.minio_client import get_datalake, BRONZE_BUCKET
  File "/opt/airflow/src/ingestion/minio_client.py", line 16, in <module>
    from minio import Minio
ModuleNotFoundError: No module named 'minio'
[2026-02-03T19:18:42.209+0000] {processor.py:841} WARNING - No viable dags retrieved from /opt/airflow/dags/stock_pipeline_dag.py
[2026-02-03T19:18:42.227+0000] {processor.py:179} INFO - Processing /opt/airflow/dags/stock_pipeline_dag.py took 0.222 seconds
[2026-02-03T19:19:01.131+0000] {processor.py:157} INFO - Started process (PID=171) to work on /opt/airflow/dags/stock_pipeline_dag.py
[2026-02-03T19:19:01.132+0000] {processor.py:829} INFO - Processing file /opt/airflow/dags/stock_pipeline_dag.py for tasks to queue
[2026-02-03T19:19:01.133+0000] {logging_mixin.py:154} INFO - [2026-02-03T19:19:01.133+0000] {dagbag.py:536} INFO - Filling up the DagBag from /opt/airflow/dags/stock_pipeline_dag.py
[2026-02-03T19:19:01.432+0000] {logging_mixin.py:154} INFO - [2026-02-03T19:19:01.431+0000] {dagbag.py:346} ERROR - Failed to import: /opt/airflow/dags/stock_pipeline_dag.py
Traceback (most recent call last):
  File "/home/airflow/.local/lib/python3.10/site-packages/airflow/models/dagbag.py", line 342, in parse
    loader.exec_module(new_module)
  File "<frozen importlib._bootstrap_external>", line 883, in exec_module
  File "<frozen importlib._bootstrap>", line 241, in _call_with_frames_removed
  File "/opt/airflow/dags/stock_pipeline_dag.py", line 25, in <module>
    from ingestion.stock_fetcher import ingest_stock_data
  File "/opt/airflow/src/ingestion/stock_fetcher.py", line 15, in <module>
    from ingestion.minio_client import get_datalake, BRONZE_BUCKET
  File "/opt/airflow/src/ingestion/minio_client.py", line 16, in <module>
    from minio import Minio
ModuleNotFoundError: No module named 'minio'
[2026-02-03T19:19:01.433+0000] {processor.py:841} WARNING - No viable dags retrieved from /opt/airflow/dags/stock_pipeline_dag.py
[2026-02-03T19:19:01.458+0000] {processor.py:179} INFO - Processing /opt/airflow/dags/stock_pipeline_dag.py took 0.331 seconds
[2026-02-03T19:19:31.562+0000] {processor.py:157} INFO - Started process (PID=185) to work on /opt/airflow/dags/stock_pipeline_dag.py
[2026-02-03T19:19:31.562+0000] {processor.py:829} INFO - Processing file /opt/airflow/dags/stock_pipeline_dag.py for tasks to queue
[2026-02-03T19:19:31.562+0000] {logging_mixin.py:154} INFO - [2026-02-03T19:19:31.562+0000] {dagbag.py:536} INFO - Filling up the DagBag from /opt/airflow/dags/stock_pipeline_dag.py
[2026-02-03T19:19:31.746+0000] {logging_mixin.py:154} INFO - [2026-02-03T19:19:31.745+0000] {dagbag.py:346} ERROR - Failed to import: /opt/airflow/dags/stock_pipeline_dag.py
Traceback (most recent call last):
  File "/home/airflow/.local/lib/python3.10/site-packages/airflow/models/dagbag.py", line 342, in parse
    loader.exec_module(new_module)
  File "<frozen importlib._bootstrap_external>", line 883, in exec_module
  File "<frozen importlib._bootstrap>", line 241, in _call_with_frames_removed
  File "/opt/airflow/dags/stock_pipeline_dag.py", line 25, in <module>
    from ingestion.stock_fetcher import ingest_stock_data
  File "/opt/airflow/src/ingestion/stock_fetcher.py", line 15, in <module>
    from ingestion.minio_client import get_datalake, BRONZE_BUCKET
  File "/opt/airflow/src/ingestion/minio_client.py", line 16, in <module>
    from minio import Minio
ModuleNotFoundError: No module named 'minio'
[2026-02-03T19:19:31.747+0000] {processor.py:841} WARNING - No viable dags retrieved from /opt/airflow/dags/stock_pipeline_dag.py
[2026-02-03T19:19:31.764+0000] {processor.py:179} INFO - Processing /opt/airflow/dags/stock_pipeline_dag.py took 0.204 seconds
[2026-02-03T19:20:01.880+0000] {processor.py:157} INFO - Started process (PID=197) to work on /opt/airflow/dags/stock_pipeline_dag.py
[2026-02-03T19:20:01.886+0000] {processor.py:829} INFO - Processing file /opt/airflow/dags/stock_pipeline_dag.py for tasks to queue
[2026-02-03T19:20:01.887+0000] {logging_mixin.py:154} INFO - [2026-02-03T19:20:01.887+0000] {dagbag.py:536} INFO - Filling up the DagBag from /opt/airflow/dags/stock_pipeline_dag.py
[2026-02-03T19:20:02.050+0000] {logging_mixin.py:154} INFO - [2026-02-03T19:20:02.048+0000] {dagbag.py:346} ERROR - Failed to import: /opt/airflow/dags/stock_pipeline_dag.py
Traceback (most recent call last):
  File "/home/airflow/.local/lib/python3.10/site-packages/airflow/models/dagbag.py", line 342, in parse
    loader.exec_module(new_module)
  File "<frozen importlib._bootstrap_external>", line 883, in exec_module
  File "<frozen importlib._bootstrap>", line 241, in _call_with_frames_removed
  File "/opt/airflow/dags/stock_pipeline_dag.py", line 25, in <module>
    from ingestion.stock_fetcher import ingest_stock_data
  File "/opt/airflow/src/ingestion/stock_fetcher.py", line 15, in <module>
    from ingestion.minio_client import get_datalake, BRONZE_BUCKET
  File "/opt/airflow/src/ingestion/minio_client.py", line 16, in <module>
    from minio import Minio
ModuleNotFoundError: No module named 'minio'
[2026-02-03T19:20:02.050+0000] {processor.py:841} WARNING - No viable dags retrieved from /opt/airflow/dags/stock_pipeline_dag.py
[2026-02-03T19:20:02.068+0000] {processor.py:179} INFO - Processing /opt/airflow/dags/stock_pipeline_dag.py took 0.191 seconds
[2026-02-03T19:20:32.199+0000] {processor.py:157} INFO - Started process (PID=210) to work on /opt/airflow/dags/stock_pipeline_dag.py
[2026-02-03T19:20:32.200+0000] {processor.py:829} INFO - Processing file /opt/airflow/dags/stock_pipeline_dag.py for tasks to queue
[2026-02-03T19:20:32.201+0000] {logging_mixin.py:154} INFO - [2026-02-03T19:20:32.200+0000] {dagbag.py:536} INFO - Filling up the DagBag from /opt/airflow/dags/stock_pipeline_dag.py
[2026-02-03T19:20:32.367+0000] {logging_mixin.py:154} INFO - [2026-02-03T19:20:32.366+0000] {dagbag.py:346} ERROR - Failed to import: /opt/airflow/dags/stock_pipeline_dag.py
Traceback (most recent call last):
  File "/home/airflow/.local/lib/python3.10/site-packages/airflow/models/dagbag.py", line 342, in parse
    loader.exec_module(new_module)
  File "<frozen importlib._bootstrap_external>", line 883, in exec_module
  File "<frozen importlib._bootstrap>", line 241, in _call_with_frames_removed
  File "/opt/airflow/dags/stock_pipeline_dag.py", line 25, in <module>
    from ingestion.stock_fetcher import ingest_stock_data
  File "/opt/airflow/src/ingestion/stock_fetcher.py", line 15, in <module>
    from ingestion.minio_client import get_datalake, BRONZE_BUCKET
  File "/opt/airflow/src/ingestion/minio_client.py", line 16, in <module>
    from minio import Minio
ModuleNotFoundError: No module named 'minio'
[2026-02-03T19:20:32.367+0000] {processor.py:841} WARNING - No viable dags retrieved from /opt/airflow/dags/stock_pipeline_dag.py
[2026-02-03T19:20:32.384+0000] {processor.py:179} INFO - Processing /opt/airflow/dags/stock_pipeline_dag.py took 0.190 seconds
[2026-02-03T19:21:02.522+0000] {processor.py:157} INFO - Started process (PID=223) to work on /opt/airflow/dags/stock_pipeline_dag.py
[2026-02-03T19:21:02.528+0000] {processor.py:829} INFO - Processing file /opt/airflow/dags/stock_pipeline_dag.py for tasks to queue
[2026-02-03T19:21:02.529+0000] {logging_mixin.py:154} INFO - [2026-02-03T19:21:02.529+0000] {dagbag.py:536} INFO - Filling up the DagBag from /opt/airflow/dags/stock_pipeline_dag.py
[2026-02-03T19:21:02.704+0000] {logging_mixin.py:154} INFO - [2026-02-03T19:21:02.703+0000] {dagbag.py:346} ERROR - Failed to import: /opt/airflow/dags/stock_pipeline_dag.py
Traceback (most recent call last):
  File "/home/airflow/.local/lib/python3.10/site-packages/airflow/models/dagbag.py", line 342, in parse
    loader.exec_module(new_module)
  File "<frozen importlib._bootstrap_external>", line 883, in exec_module
  File "<frozen importlib._bootstrap>", line 241, in _call_with_frames_removed
  File "/opt/airflow/dags/stock_pipeline_dag.py", line 25, in <module>
    from ingestion.stock_fetcher import ingest_stock_data
  File "/opt/airflow/src/ingestion/stock_fetcher.py", line 15, in <module>
    from ingestion.minio_client import get_datalake, BRONZE_BUCKET
  File "/opt/airflow/src/ingestion/minio_client.py", line 16, in <module>
    from minio import Minio
ModuleNotFoundError: No module named 'minio'
[2026-02-03T19:21:02.704+0000] {processor.py:841} WARNING - No viable dags retrieved from /opt/airflow/dags/stock_pipeline_dag.py
[2026-02-03T19:21:02.721+0000] {processor.py:179} INFO - Processing /opt/airflow/dags/stock_pipeline_dag.py took 0.204 seconds
[2026-02-03T19:21:32.860+0000] {processor.py:157} INFO - Started process (PID=236) to work on /opt/airflow/dags/stock_pipeline_dag.py
[2026-02-03T19:21:32.861+0000] {processor.py:829} INFO - Processing file /opt/airflow/dags/stock_pipeline_dag.py for tasks to queue
[2026-02-03T19:21:32.862+0000] {logging_mixin.py:154} INFO - [2026-02-03T19:21:32.862+0000] {dagbag.py:536} INFO - Filling up the DagBag from /opt/airflow/dags/stock_pipeline_dag.py
[2026-02-03T19:21:33.022+0000] {logging_mixin.py:154} INFO - [2026-02-03T19:21:33.021+0000] {dagbag.py:346} ERROR - Failed to import: /opt/airflow/dags/stock_pipeline_dag.py
Traceback (most recent call last):
  File "/home/airflow/.local/lib/python3.10/site-packages/airflow/models/dagbag.py", line 342, in parse
    loader.exec_module(new_module)
  File "<frozen importlib._bootstrap_external>", line 883, in exec_module
  File "<frozen importlib._bootstrap>", line 241, in _call_with_frames_removed
  File "/opt/airflow/dags/stock_pipeline_dag.py", line 25, in <module>
    from ingestion.stock_fetcher import ingest_stock_data
  File "/opt/airflow/src/ingestion/stock_fetcher.py", line 15, in <module>
    from ingestion.minio_client import get_datalake, BRONZE_BUCKET
  File "/opt/airflow/src/ingestion/minio_client.py", line 16, in <module>
    from minio import Minio
ModuleNotFoundError: No module named 'minio'
[2026-02-03T19:21:33.023+0000] {processor.py:841} WARNING - No viable dags retrieved from /opt/airflow/dags/stock_pipeline_dag.py
[2026-02-03T19:21:33.034+0000] {processor.py:179} INFO - Processing /opt/airflow/dags/stock_pipeline_dag.py took 0.179 seconds
[2026-02-03T19:22:03.169+0000] {processor.py:157} INFO - Started process (PID=249) to work on /opt/airflow/dags/stock_pipeline_dag.py
[2026-02-03T19:22:03.172+0000] {processor.py:829} INFO - Processing file /opt/airflow/dags/stock_pipeline_dag.py for tasks to queue
[2026-02-03T19:22:03.172+0000] {logging_mixin.py:154} INFO - [2026-02-03T19:22:03.172+0000] {dagbag.py:536} INFO - Filling up the DagBag from /opt/airflow/dags/stock_pipeline_dag.py
[2026-02-03T19:22:03.339+0000] {logging_mixin.py:154} INFO - [2026-02-03T19:22:03.338+0000] {dagbag.py:346} ERROR - Failed to import: /opt/airflow/dags/stock_pipeline_dag.py
Traceback (most recent call last):
  File "/home/airflow/.local/lib/python3.10/site-packages/airflow/models/dagbag.py", line 342, in parse
    loader.exec_module(new_module)
  File "<frozen importlib._bootstrap_external>", line 883, in exec_module
  File "<frozen importlib._bootstrap>", line 241, in _call_with_frames_removed
  File "/opt/airflow/dags/stock_pipeline_dag.py", line 25, in <module>
    from ingestion.stock_fetcher import ingest_stock_data
  File "/opt/airflow/src/ingestion/stock_fetcher.py", line 15, in <module>
    from ingestion.minio_client import get_datalake, BRONZE_BUCKET
  File "/opt/airflow/src/ingestion/minio_client.py", line 16, in <module>
    from minio import Minio
ModuleNotFoundError: No module named 'minio'
[2026-02-03T19:22:03.340+0000] {processor.py:841} WARNING - No viable dags retrieved from /opt/airflow/dags/stock_pipeline_dag.py
[2026-02-03T19:22:03.358+0000] {processor.py:179} INFO - Processing /opt/airflow/dags/stock_pipeline_dag.py took 0.193 seconds
[2026-02-03T19:22:33.498+0000] {processor.py:157} INFO - Started process (PID=261) to work on /opt/airflow/dags/stock_pipeline_dag.py
[2026-02-03T19:22:33.499+0000] {processor.py:829} INFO - Processing file /opt/airflow/dags/stock_pipeline_dag.py for tasks to queue
[2026-02-03T19:22:33.499+0000] {logging_mixin.py:154} INFO - [2026-02-03T19:22:33.499+0000] {dagbag.py:536} INFO - Filling up the DagBag from /opt/airflow/dags/stock_pipeline_dag.py
[2026-02-03T19:22:33.652+0000] {logging_mixin.py:154} INFO - [2026-02-03T19:22:33.651+0000] {dagbag.py:346} ERROR - Failed to import: /opt/airflow/dags/stock_pipeline_dag.py
Traceback (most recent call last):
  File "/home/airflow/.local/lib/python3.10/site-packages/airflow/models/dagbag.py", line 342, in parse
    loader.exec_module(new_module)
  File "<frozen importlib._bootstrap_external>", line 883, in exec_module
  File "<frozen importlib._bootstrap>", line 241, in _call_with_frames_removed
  File "/opt/airflow/dags/stock_pipeline_dag.py", line 25, in <module>
    from ingestion.stock_fetcher import ingest_stock_data
  File "/opt/airflow/src/ingestion/stock_fetcher.py", line 15, in <module>
    from ingestion.minio_client import get_datalake, BRONZE_BUCKET
  File "/opt/airflow/src/ingestion/minio_client.py", line 16, in <module>
    from minio import Minio
ModuleNotFoundError: No module named 'minio'
[2026-02-03T19:22:33.652+0000] {processor.py:841} WARNING - No viable dags retrieved from /opt/airflow/dags/stock_pipeline_dag.py
[2026-02-03T19:22:33.669+0000] {processor.py:179} INFO - Processing /opt/airflow/dags/stock_pipeline_dag.py took 0.174 seconds
[2026-02-03T19:23:03.799+0000] {processor.py:157} INFO - Started process (PID=274) to work on /opt/airflow/dags/stock_pipeline_dag.py
[2026-02-03T19:23:03.806+0000] {processor.py:829} INFO - Processing file /opt/airflow/dags/stock_pipeline_dag.py for tasks to queue
[2026-02-03T19:23:03.807+0000] {logging_mixin.py:154} INFO - [2026-02-03T19:23:03.806+0000] {dagbag.py:536} INFO - Filling up the DagBag from /opt/airflow/dags/stock_pipeline_dag.py
[2026-02-03T19:23:03.987+0000] {logging_mixin.py:154} INFO - [2026-02-03T19:23:03.985+0000] {dagbag.py:346} ERROR - Failed to import: /opt/airflow/dags/stock_pipeline_dag.py
Traceback (most recent call last):
  File "/home/airflow/.local/lib/python3.10/site-packages/airflow/models/dagbag.py", line 342, in parse
    loader.exec_module(new_module)
  File "<frozen importlib._bootstrap_external>", line 883, in exec_module
  File "<frozen importlib._bootstrap>", line 241, in _call_with_frames_removed
  File "/opt/airflow/dags/stock_pipeline_dag.py", line 25, in <module>
    from ingestion.stock_fetcher import ingest_stock_data
  File "/opt/airflow/src/ingestion/stock_fetcher.py", line 15, in <module>
    from ingestion.minio_client import get_datalake, BRONZE_BUCKET
  File "/opt/airflow/src/ingestion/minio_client.py", line 16, in <module>
    from minio import Minio
ModuleNotFoundError: No module named 'minio'
[2026-02-03T19:23:03.987+0000] {processor.py:841} WARNING - No viable dags retrieved from /opt/airflow/dags/stock_pipeline_dag.py
[2026-02-03T19:23:03.999+0000] {processor.py:179} INFO - Processing /opt/airflow/dags/stock_pipeline_dag.py took 0.204 seconds
[2026-02-03T19:23:34.128+0000] {processor.py:157} INFO - Started process (PID=287) to work on /opt/airflow/dags/stock_pipeline_dag.py
[2026-02-03T19:23:34.129+0000] {processor.py:829} INFO - Processing file /opt/airflow/dags/stock_pipeline_dag.py for tasks to queue
[2026-02-03T19:23:34.129+0000] {logging_mixin.py:154} INFO - [2026-02-03T19:23:34.129+0000] {dagbag.py:536} INFO - Filling up the DagBag from /opt/airflow/dags/stock_pipeline_dag.py
[2026-02-03T19:23:34.310+0000] {logging_mixin.py:154} INFO - [2026-02-03T19:23:34.309+0000] {dagbag.py:346} ERROR - Failed to import: /opt/airflow/dags/stock_pipeline_dag.py
Traceback (most recent call last):
  File "/home/airflow/.local/lib/python3.10/site-packages/airflow/models/dagbag.py", line 342, in parse
    loader.exec_module(new_module)
  File "<frozen importlib._bootstrap_external>", line 883, in exec_module
  File "<frozen importlib._bootstrap>", line 241, in _call_with_frames_removed
  File "/opt/airflow/dags/stock_pipeline_dag.py", line 25, in <module>
    from ingestion.stock_fetcher import ingest_stock_data
  File "/opt/airflow/src/ingestion/stock_fetcher.py", line 15, in <module>
    from ingestion.minio_client import get_datalake, BRONZE_BUCKET
  File "/opt/airflow/src/ingestion/minio_client.py", line 16, in <module>
    from minio import Minio
ModuleNotFoundError: No module named 'minio'
[2026-02-03T19:23:34.311+0000] {processor.py:841} WARNING - No viable dags retrieved from /opt/airflow/dags/stock_pipeline_dag.py
[2026-02-03T19:23:34.329+0000] {processor.py:179} INFO - Processing /opt/airflow/dags/stock_pipeline_dag.py took 0.204 seconds
[2026-02-03T19:24:04.450+0000] {processor.py:157} INFO - Started process (PID=305) to work on /opt/airflow/dags/stock_pipeline_dag.py
[2026-02-03T19:24:04.450+0000] {processor.py:829} INFO - Processing file /opt/airflow/dags/stock_pipeline_dag.py for tasks to queue
[2026-02-03T19:24:04.451+0000] {logging_mixin.py:154} INFO - [2026-02-03T19:24:04.450+0000] {dagbag.py:536} INFO - Filling up the DagBag from /opt/airflow/dags/stock_pipeline_dag.py
[2026-02-03T19:24:04.618+0000] {logging_mixin.py:154} INFO - [2026-02-03T19:24:04.616+0000] {dagbag.py:346} ERROR - Failed to import: /opt/airflow/dags/stock_pipeline_dag.py
Traceback (most recent call last):
  File "/home/airflow/.local/lib/python3.10/site-packages/airflow/models/dagbag.py", line 342, in parse
    loader.exec_module(new_module)
  File "<frozen importlib._bootstrap_external>", line 883, in exec_module
  File "<frozen importlib._bootstrap>", line 241, in _call_with_frames_removed
  File "/opt/airflow/dags/stock_pipeline_dag.py", line 25, in <module>
    from ingestion.stock_fetcher import ingest_stock_data
  File "/opt/airflow/src/ingestion/stock_fetcher.py", line 15, in <module>
    from ingestion.minio_client import get_datalake, BRONZE_BUCKET
  File "/opt/airflow/src/ingestion/minio_client.py", line 16, in <module>
    from minio import Minio
ModuleNotFoundError: No module named 'minio'
[2026-02-03T19:24:04.618+0000] {processor.py:841} WARNING - No viable dags retrieved from /opt/airflow/dags/stock_pipeline_dag.py
[2026-02-03T19:24:04.634+0000] {processor.py:179} INFO - Processing /opt/airflow/dags/stock_pipeline_dag.py took 0.186 seconds
[2026-02-03T19:24:34.779+0000] {processor.py:157} INFO - Started process (PID=325) to work on /opt/airflow/dags/stock_pipeline_dag.py
[2026-02-03T19:24:34.781+0000] {processor.py:829} INFO - Processing file /opt/airflow/dags/stock_pipeline_dag.py for tasks to queue
[2026-02-03T19:24:34.781+0000] {logging_mixin.py:154} INFO - [2026-02-03T19:24:34.781+0000] {dagbag.py:536} INFO - Filling up the DagBag from /opt/airflow/dags/stock_pipeline_dag.py
[2026-02-03T19:24:34.936+0000] {logging_mixin.py:154} INFO - [2026-02-03T19:24:34.935+0000] {dagbag.py:346} ERROR - Failed to import: /opt/airflow/dags/stock_pipeline_dag.py
Traceback (most recent call last):
  File "/home/airflow/.local/lib/python3.10/site-packages/airflow/models/dagbag.py", line 342, in parse
    loader.exec_module(new_module)
  File "<frozen importlib._bootstrap_external>", line 883, in exec_module
  File "<frozen importlib._bootstrap>", line 241, in _call_with_frames_removed
  File "/opt/airflow/dags/stock_pipeline_dag.py", line 25, in <module>
    from ingestion.stock_fetcher import ingest_stock_data
  File "/opt/airflow/src/ingestion/stock_fetcher.py", line 15, in <module>
    from ingestion.minio_client import get_datalake, BRONZE_BUCKET
  File "/opt/airflow/src/ingestion/minio_client.py", line 16, in <module>
    from minio import Minio
ModuleNotFoundError: No module named 'minio'
[2026-02-03T19:24:34.936+0000] {processor.py:841} WARNING - No viable dags retrieved from /opt/airflow/dags/stock_pipeline_dag.py
[2026-02-03T19:24:34.953+0000] {processor.py:179} INFO - Processing /opt/airflow/dags/stock_pipeline_dag.py took 0.178 seconds
[2026-02-03T19:25:05.089+0000] {processor.py:157} INFO - Started process (PID=338) to work on /opt/airflow/dags/stock_pipeline_dag.py
[2026-02-03T19:25:05.090+0000] {processor.py:829} INFO - Processing file /opt/airflow/dags/stock_pipeline_dag.py for tasks to queue
[2026-02-03T19:25:05.091+0000] {logging_mixin.py:154} INFO - [2026-02-03T19:25:05.091+0000] {dagbag.py:536} INFO - Filling up the DagBag from /opt/airflow/dags/stock_pipeline_dag.py
[2026-02-03T19:25:05.246+0000] {logging_mixin.py:154} INFO - [2026-02-03T19:25:05.245+0000] {dagbag.py:346} ERROR - Failed to import: /opt/airflow/dags/stock_pipeline_dag.py
Traceback (most recent call last):
  File "/home/airflow/.local/lib/python3.10/site-packages/airflow/models/dagbag.py", line 342, in parse
    loader.exec_module(new_module)
  File "<frozen importlib._bootstrap_external>", line 883, in exec_module
  File "<frozen importlib._bootstrap>", line 241, in _call_with_frames_removed
  File "/opt/airflow/dags/stock_pipeline_dag.py", line 25, in <module>
    from ingestion.stock_fetcher import ingest_stock_data
  File "/opt/airflow/src/ingestion/stock_fetcher.py", line 15, in <module>
    from ingestion.minio_client import get_datalake, BRONZE_BUCKET
  File "/opt/airflow/src/ingestion/minio_client.py", line 16, in <module>
    from minio import Minio
ModuleNotFoundError: No module named 'minio'
[2026-02-03T19:25:05.246+0000] {processor.py:841} WARNING - No viable dags retrieved from /opt/airflow/dags/stock_pipeline_dag.py
[2026-02-03T19:25:05.258+0000] {processor.py:179} INFO - Processing /opt/airflow/dags/stock_pipeline_dag.py took 0.174 seconds
[2026-02-03T19:25:35.364+0000] {processor.py:157} INFO - Started process (PID=351) to work on /opt/airflow/dags/stock_pipeline_dag.py
[2026-02-03T19:25:35.370+0000] {processor.py:829} INFO - Processing file /opt/airflow/dags/stock_pipeline_dag.py for tasks to queue
[2026-02-03T19:25:35.371+0000] {logging_mixin.py:154} INFO - [2026-02-03T19:25:35.370+0000] {dagbag.py:536} INFO - Filling up the DagBag from /opt/airflow/dags/stock_pipeline_dag.py
[2026-02-03T19:25:35.556+0000] {logging_mixin.py:154} INFO - [2026-02-03T19:25:35.555+0000] {dagbag.py:346} ERROR - Failed to import: /opt/airflow/dags/stock_pipeline_dag.py
Traceback (most recent call last):
  File "/home/airflow/.local/lib/python3.10/site-packages/airflow/models/dagbag.py", line 342, in parse
    loader.exec_module(new_module)
  File "<frozen importlib._bootstrap_external>", line 883, in exec_module
  File "<frozen importlib._bootstrap>", line 241, in _call_with_frames_removed
  File "/opt/airflow/dags/stock_pipeline_dag.py", line 25, in <module>
    from ingestion.stock_fetcher import ingest_stock_data
  File "/opt/airflow/src/ingestion/stock_fetcher.py", line 15, in <module>
    from ingestion.minio_client import get_datalake, BRONZE_BUCKET
  File "/opt/airflow/src/ingestion/minio_client.py", line 16, in <module>
    from minio import Minio
ModuleNotFoundError: No module named 'minio'
[2026-02-03T19:25:35.556+0000] {processor.py:841} WARNING - No viable dags retrieved from /opt/airflow/dags/stock_pipeline_dag.py
[2026-02-03T19:25:35.574+0000] {processor.py:179} INFO - Processing /opt/airflow/dags/stock_pipeline_dag.py took 0.211 seconds
[2026-02-03T19:26:05.684+0000] {processor.py:157} INFO - Started process (PID=364) to work on /opt/airflow/dags/stock_pipeline_dag.py
[2026-02-03T19:26:05.685+0000] {processor.py:829} INFO - Processing file /opt/airflow/dags/stock_pipeline_dag.py for tasks to queue
[2026-02-03T19:26:05.686+0000] {logging_mixin.py:154} INFO - [2026-02-03T19:26:05.685+0000] {dagbag.py:536} INFO - Filling up the DagBag from /opt/airflow/dags/stock_pipeline_dag.py
[2026-02-03T19:26:05.867+0000] {logging_mixin.py:154} INFO - [2026-02-03T19:26:05.865+0000] {dagbag.py:346} ERROR - Failed to import: /opt/airflow/dags/stock_pipeline_dag.py
Traceback (most recent call last):
  File "/home/airflow/.local/lib/python3.10/site-packages/airflow/models/dagbag.py", line 342, in parse
    loader.exec_module(new_module)
  File "<frozen importlib._bootstrap_external>", line 883, in exec_module
  File "<frozen importlib._bootstrap>", line 241, in _call_with_frames_removed
  File "/opt/airflow/dags/stock_pipeline_dag.py", line 25, in <module>
    from ingestion.stock_fetcher import ingest_stock_data
  File "/opt/airflow/src/ingestion/stock_fetcher.py", line 15, in <module>
    from ingestion.minio_client import get_datalake, BRONZE_BUCKET
  File "/opt/airflow/src/ingestion/minio_client.py", line 16, in <module>
    from minio import Minio
ModuleNotFoundError: No module named 'minio'
[2026-02-03T19:26:05.867+0000] {processor.py:841} WARNING - No viable dags retrieved from /opt/airflow/dags/stock_pipeline_dag.py
[2026-02-03T19:26:05.883+0000] {processor.py:179} INFO - Processing /opt/airflow/dags/stock_pipeline_dag.py took 0.202 seconds
[2026-02-03T19:26:35.996+0000] {processor.py:157} INFO - Started process (PID=383) to work on /opt/airflow/dags/stock_pipeline_dag.py
[2026-02-03T19:26:36.001+0000] {processor.py:829} INFO - Processing file /opt/airflow/dags/stock_pipeline_dag.py for tasks to queue
[2026-02-03T19:26:36.002+0000] {logging_mixin.py:154} INFO - [2026-02-03T19:26:36.002+0000] {dagbag.py:536} INFO - Filling up the DagBag from /opt/airflow/dags/stock_pipeline_dag.py
[2026-02-03T19:26:36.182+0000] {logging_mixin.py:154} INFO - [2026-02-03T19:26:36.181+0000] {dagbag.py:346} ERROR - Failed to import: /opt/airflow/dags/stock_pipeline_dag.py
Traceback (most recent call last):
  File "/home/airflow/.local/lib/python3.10/site-packages/airflow/models/dagbag.py", line 342, in parse
    loader.exec_module(new_module)
  File "<frozen importlib._bootstrap_external>", line 883, in exec_module
  File "<frozen importlib._bootstrap>", line 241, in _call_with_frames_removed
  File "/opt/airflow/dags/stock_pipeline_dag.py", line 25, in <module>
    from ingestion.stock_fetcher import ingest_stock_data
  File "/opt/airflow/src/ingestion/stock_fetcher.py", line 15, in <module>
    from ingestion.minio_client import get_datalake, BRONZE_BUCKET
  File "/opt/airflow/src/ingestion/minio_client.py", line 16, in <module>
    from minio import Minio
ModuleNotFoundError: No module named 'minio'
[2026-02-03T19:26:36.182+0000] {processor.py:841} WARNING - No viable dags retrieved from /opt/airflow/dags/stock_pipeline_dag.py
[2026-02-03T19:26:36.203+0000] {processor.py:179} INFO - Processing /opt/airflow/dags/stock_pipeline_dag.py took 0.209 seconds
[2026-02-03T19:27:06.322+0000] {processor.py:157} INFO - Started process (PID=397) to work on /opt/airflow/dags/stock_pipeline_dag.py
[2026-02-03T19:27:06.323+0000] {processor.py:829} INFO - Processing file /opt/airflow/dags/stock_pipeline_dag.py for tasks to queue
[2026-02-03T19:27:06.324+0000] {logging_mixin.py:154} INFO - [2026-02-03T19:27:06.324+0000] {dagbag.py:536} INFO - Filling up the DagBag from /opt/airflow/dags/stock_pipeline_dag.py
[2026-02-03T19:27:06.525+0000] {logging_mixin.py:154} INFO - [2026-02-03T19:27:06.523+0000] {dagbag.py:346} ERROR - Failed to import: /opt/airflow/dags/stock_pipeline_dag.py
Traceback (most recent call last):
  File "/home/airflow/.local/lib/python3.10/site-packages/airflow/models/dagbag.py", line 342, in parse
    loader.exec_module(new_module)
  File "<frozen importlib._bootstrap_external>", line 883, in exec_module
  File "<frozen importlib._bootstrap>", line 241, in _call_with_frames_removed
  File "/opt/airflow/dags/stock_pipeline_dag.py", line 25, in <module>
    from ingestion.stock_fetcher import ingest_stock_data
  File "/opt/airflow/src/ingestion/stock_fetcher.py", line 15, in <module>
    from ingestion.minio_client import get_datalake, BRONZE_BUCKET
  File "/opt/airflow/src/ingestion/minio_client.py", line 16, in <module>
    from minio import Minio
ModuleNotFoundError: No module named 'minio'
[2026-02-03T19:27:06.525+0000] {processor.py:841} WARNING - No viable dags retrieved from /opt/airflow/dags/stock_pipeline_dag.py
[2026-02-03T19:27:06.543+0000] {processor.py:179} INFO - Processing /opt/airflow/dags/stock_pipeline_dag.py took 0.226 seconds
[2026-02-03T19:27:36.668+0000] {processor.py:157} INFO - Started process (PID=410) to work on /opt/airflow/dags/stock_pipeline_dag.py
[2026-02-03T19:27:36.674+0000] {processor.py:829} INFO - Processing file /opt/airflow/dags/stock_pipeline_dag.py for tasks to queue
[2026-02-03T19:27:36.675+0000] {logging_mixin.py:154} INFO - [2026-02-03T19:27:36.675+0000] {dagbag.py:536} INFO - Filling up the DagBag from /opt/airflow/dags/stock_pipeline_dag.py
[2026-02-03T19:27:36.865+0000] {logging_mixin.py:154} INFO - [2026-02-03T19:27:36.864+0000] {dagbag.py:346} ERROR - Failed to import: /opt/airflow/dags/stock_pipeline_dag.py
Traceback (most recent call last):
  File "/home/airflow/.local/lib/python3.10/site-packages/airflow/models/dagbag.py", line 342, in parse
    loader.exec_module(new_module)
  File "<frozen importlib._bootstrap_external>", line 883, in exec_module
  File "<frozen importlib._bootstrap>", line 241, in _call_with_frames_removed
  File "/opt/airflow/dags/stock_pipeline_dag.py", line 25, in <module>
    from ingestion.stock_fetcher import ingest_stock_data
  File "/opt/airflow/src/ingestion/stock_fetcher.py", line 15, in <module>
    from ingestion.minio_client import get_datalake, BRONZE_BUCKET
  File "/opt/airflow/src/ingestion/minio_client.py", line 16, in <module>
    from minio import Minio
ModuleNotFoundError: No module named 'minio'
[2026-02-03T19:27:36.865+0000] {processor.py:841} WARNING - No viable dags retrieved from /opt/airflow/dags/stock_pipeline_dag.py
[2026-02-03T19:27:36.883+0000] {processor.py:179} INFO - Processing /opt/airflow/dags/stock_pipeline_dag.py took 0.218 seconds
[2026-02-03T19:28:06.995+0000] {processor.py:157} INFO - Started process (PID=423) to work on /opt/airflow/dags/stock_pipeline_dag.py
[2026-02-03T19:28:06.995+0000] {processor.py:829} INFO - Processing file /opt/airflow/dags/stock_pipeline_dag.py for tasks to queue
[2026-02-03T19:28:06.996+0000] {logging_mixin.py:154} INFO - [2026-02-03T19:28:06.996+0000] {dagbag.py:536} INFO - Filling up the DagBag from /opt/airflow/dags/stock_pipeline_dag.py
[2026-02-03T19:28:07.211+0000] {logging_mixin.py:154} INFO - [2026-02-03T19:28:07.210+0000] {dagbag.py:346} ERROR - Failed to import: /opt/airflow/dags/stock_pipeline_dag.py
Traceback (most recent call last):
  File "/home/airflow/.local/lib/python3.10/site-packages/airflow/models/dagbag.py", line 342, in parse
    loader.exec_module(new_module)
  File "<frozen importlib._bootstrap_external>", line 883, in exec_module
  File "<frozen importlib._bootstrap>", line 241, in _call_with_frames_removed
  File "/opt/airflow/dags/stock_pipeline_dag.py", line 25, in <module>
    from ingestion.stock_fetcher import ingest_stock_data
  File "/opt/airflow/src/ingestion/stock_fetcher.py", line 15, in <module>
    from ingestion.minio_client import get_datalake, BRONZE_BUCKET
  File "/opt/airflow/src/ingestion/minio_client.py", line 16, in <module>
    from minio import Minio
ModuleNotFoundError: No module named 'minio'
[2026-02-03T19:28:07.212+0000] {processor.py:841} WARNING - No viable dags retrieved from /opt/airflow/dags/stock_pipeline_dag.py
[2026-02-03T19:28:07.224+0000] {processor.py:179} INFO - Processing /opt/airflow/dags/stock_pipeline_dag.py took 0.232 seconds
[2026-02-03T19:28:37.342+0000] {processor.py:157} INFO - Started process (PID=436) to work on /opt/airflow/dags/stock_pipeline_dag.py
[2026-02-03T19:28:37.343+0000] {processor.py:829} INFO - Processing file /opt/airflow/dags/stock_pipeline_dag.py for tasks to queue
[2026-02-03T19:28:37.343+0000] {logging_mixin.py:154} INFO - [2026-02-03T19:28:37.343+0000] {dagbag.py:536} INFO - Filling up the DagBag from /opt/airflow/dags/stock_pipeline_dag.py
[2026-02-03T19:28:37.522+0000] {logging_mixin.py:154} INFO - [2026-02-03T19:28:37.521+0000] {dagbag.py:346} ERROR - Failed to import: /opt/airflow/dags/stock_pipeline_dag.py
Traceback (most recent call last):
  File "/home/airflow/.local/lib/python3.10/site-packages/airflow/models/dagbag.py", line 342, in parse
    loader.exec_module(new_module)
  File "<frozen importlib._bootstrap_external>", line 883, in exec_module
  File "<frozen importlib._bootstrap>", line 241, in _call_with_frames_removed
  File "/opt/airflow/dags/stock_pipeline_dag.py", line 25, in <module>
    from ingestion.stock_fetcher import ingest_stock_data
  File "/opt/airflow/src/ingestion/stock_fetcher.py", line 15, in <module>
    from ingestion.minio_client import get_datalake, BRONZE_BUCKET
  File "/opt/airflow/src/ingestion/minio_client.py", line 16, in <module>
    from minio import Minio
ModuleNotFoundError: No module named 'minio'
[2026-02-03T19:28:37.522+0000] {processor.py:841} WARNING - No viable dags retrieved from /opt/airflow/dags/stock_pipeline_dag.py
[2026-02-03T19:28:37.539+0000] {processor.py:179} INFO - Processing /opt/airflow/dags/stock_pipeline_dag.py took 0.199 seconds
[2026-02-03T19:29:07.662+0000] {processor.py:157} INFO - Started process (PID=449) to work on /opt/airflow/dags/stock_pipeline_dag.py
[2026-02-03T19:29:07.663+0000] {processor.py:829} INFO - Processing file /opt/airflow/dags/stock_pipeline_dag.py for tasks to queue
[2026-02-03T19:29:07.663+0000] {logging_mixin.py:154} INFO - [2026-02-03T19:29:07.663+0000] {dagbag.py:536} INFO - Filling up the DagBag from /opt/airflow/dags/stock_pipeline_dag.py
[2026-02-03T19:29:07.862+0000] {logging_mixin.py:154} INFO - [2026-02-03T19:29:07.860+0000] {dagbag.py:346} ERROR - Failed to import: /opt/airflow/dags/stock_pipeline_dag.py
Traceback (most recent call last):
  File "/home/airflow/.local/lib/python3.10/site-packages/airflow/models/dagbag.py", line 342, in parse
    loader.exec_module(new_module)
  File "<frozen importlib._bootstrap_external>", line 883, in exec_module
  File "<frozen importlib._bootstrap>", line 241, in _call_with_frames_removed
  File "/opt/airflow/dags/stock_pipeline_dag.py", line 25, in <module>
    from ingestion.stock_fetcher import ingest_stock_data
  File "/opt/airflow/src/ingestion/stock_fetcher.py", line 15, in <module>
    from ingestion.minio_client import get_datalake, BRONZE_BUCKET
  File "/opt/airflow/src/ingestion/minio_client.py", line 16, in <module>
    from minio import Minio
ModuleNotFoundError: No module named 'minio'
[2026-02-03T19:29:07.862+0000] {processor.py:841} WARNING - No viable dags retrieved from /opt/airflow/dags/stock_pipeline_dag.py
[2026-02-03T19:29:07.875+0000] {processor.py:179} INFO - Processing /opt/airflow/dags/stock_pipeline_dag.py took 0.217 seconds
[2026-02-03T19:29:37.981+0000] {processor.py:157} INFO - Started process (PID=462) to work on /opt/airflow/dags/stock_pipeline_dag.py
[2026-02-03T19:29:37.987+0000] {processor.py:829} INFO - Processing file /opt/airflow/dags/stock_pipeline_dag.py for tasks to queue
[2026-02-03T19:29:37.987+0000] {logging_mixin.py:154} INFO - [2026-02-03T19:29:37.987+0000] {dagbag.py:536} INFO - Filling up the DagBag from /opt/airflow/dags/stock_pipeline_dag.py
[2026-02-03T19:29:38.173+0000] {logging_mixin.py:154} INFO - [2026-02-03T19:29:38.172+0000] {dagbag.py:346} ERROR - Failed to import: /opt/airflow/dags/stock_pipeline_dag.py
Traceback (most recent call last):
  File "/home/airflow/.local/lib/python3.10/site-packages/airflow/models/dagbag.py", line 342, in parse
    loader.exec_module(new_module)
  File "<frozen importlib._bootstrap_external>", line 883, in exec_module
  File "<frozen importlib._bootstrap>", line 241, in _call_with_frames_removed
  File "/opt/airflow/dags/stock_pipeline_dag.py", line 25, in <module>
    from ingestion.stock_fetcher import ingest_stock_data
  File "/opt/airflow/src/ingestion/stock_fetcher.py", line 15, in <module>
    from ingestion.minio_client import get_datalake, BRONZE_BUCKET
  File "/opt/airflow/src/ingestion/minio_client.py", line 16, in <module>
    from minio import Minio
ModuleNotFoundError: No module named 'minio'
[2026-02-03T19:29:38.173+0000] {processor.py:841} WARNING - No viable dags retrieved from /opt/airflow/dags/stock_pipeline_dag.py
[2026-02-03T19:29:38.190+0000] {processor.py:179} INFO - Processing /opt/airflow/dags/stock_pipeline_dag.py took 0.211 seconds
[2026-02-03T19:30:08.297+0000] {processor.py:157} INFO - Started process (PID=475) to work on /opt/airflow/dags/stock_pipeline_dag.py
[2026-02-03T19:30:08.297+0000] {processor.py:829} INFO - Processing file /opt/airflow/dags/stock_pipeline_dag.py for tasks to queue
[2026-02-03T19:30:08.298+0000] {logging_mixin.py:154} INFO - [2026-02-03T19:30:08.298+0000] {dagbag.py:536} INFO - Filling up the DagBag from /opt/airflow/dags/stock_pipeline_dag.py
[2026-02-03T19:30:08.477+0000] {logging_mixin.py:154} INFO - [2026-02-03T19:30:08.475+0000] {dagbag.py:346} ERROR - Failed to import: /opt/airflow/dags/stock_pipeline_dag.py
Traceback (most recent call last):
  File "/home/airflow/.local/lib/python3.10/site-packages/airflow/models/dagbag.py", line 342, in parse
    loader.exec_module(new_module)
  File "<frozen importlib._bootstrap_external>", line 883, in exec_module
  File "<frozen importlib._bootstrap>", line 241, in _call_with_frames_removed
  File "/opt/airflow/dags/stock_pipeline_dag.py", line 25, in <module>
    from ingestion.stock_fetcher import ingest_stock_data
  File "/opt/airflow/src/ingestion/stock_fetcher.py", line 15, in <module>
    from ingestion.minio_client import get_datalake, BRONZE_BUCKET
  File "/opt/airflow/src/ingestion/minio_client.py", line 16, in <module>
    from minio import Minio
ModuleNotFoundError: No module named 'minio'
[2026-02-03T19:30:08.477+0000] {processor.py:841} WARNING - No viable dags retrieved from /opt/airflow/dags/stock_pipeline_dag.py
[2026-02-03T19:30:08.495+0000] {processor.py:179} INFO - Processing /opt/airflow/dags/stock_pipeline_dag.py took 0.200 seconds
[2026-02-03T19:30:38.602+0000] {processor.py:157} INFO - Started process (PID=488) to work on /opt/airflow/dags/stock_pipeline_dag.py
[2026-02-03T19:30:38.607+0000] {processor.py:829} INFO - Processing file /opt/airflow/dags/stock_pipeline_dag.py for tasks to queue
[2026-02-03T19:30:38.607+0000] {logging_mixin.py:154} INFO - [2026-02-03T19:30:38.607+0000] {dagbag.py:536} INFO - Filling up the DagBag from /opt/airflow/dags/stock_pipeline_dag.py
[2026-02-03T19:30:38.788+0000] {logging_mixin.py:154} INFO - [2026-02-03T19:30:38.787+0000] {dagbag.py:346} ERROR - Failed to import: /opt/airflow/dags/stock_pipeline_dag.py
Traceback (most recent call last):
  File "/home/airflow/.local/lib/python3.10/site-packages/airflow/models/dagbag.py", line 342, in parse
    loader.exec_module(new_module)
  File "<frozen importlib._bootstrap_external>", line 883, in exec_module
  File "<frozen importlib._bootstrap>", line 241, in _call_with_frames_removed
  File "/opt/airflow/dags/stock_pipeline_dag.py", line 25, in <module>
    from ingestion.stock_fetcher import ingest_stock_data
  File "/opt/airflow/src/ingestion/stock_fetcher.py", line 15, in <module>
    from ingestion.minio_client import get_datalake, BRONZE_BUCKET
  File "/opt/airflow/src/ingestion/minio_client.py", line 16, in <module>
    from minio import Minio
ModuleNotFoundError: No module named 'minio'
[2026-02-03T19:30:38.789+0000] {processor.py:841} WARNING - No viable dags retrieved from /opt/airflow/dags/stock_pipeline_dag.py
[2026-02-03T19:30:38.806+0000] {processor.py:179} INFO - Processing /opt/airflow/dags/stock_pipeline_dag.py took 0.207 seconds
[2026-02-03T19:31:08.929+0000] {processor.py:157} INFO - Started process (PID=501) to work on /opt/airflow/dags/stock_pipeline_dag.py
[2026-02-03T19:31:08.935+0000] {processor.py:829} INFO - Processing file /opt/airflow/dags/stock_pipeline_dag.py for tasks to queue
[2026-02-03T19:31:08.935+0000] {logging_mixin.py:154} INFO - [2026-02-03T19:31:08.935+0000] {dagbag.py:536} INFO - Filling up the DagBag from /opt/airflow/dags/stock_pipeline_dag.py
[2026-02-03T19:31:09.108+0000] {logging_mixin.py:154} INFO - [2026-02-03T19:31:09.107+0000] {dagbag.py:346} ERROR - Failed to import: /opt/airflow/dags/stock_pipeline_dag.py
Traceback (most recent call last):
  File "/home/airflow/.local/lib/python3.10/site-packages/airflow/models/dagbag.py", line 342, in parse
    loader.exec_module(new_module)
  File "<frozen importlib._bootstrap_external>", line 883, in exec_module
  File "<frozen importlib._bootstrap>", line 241, in _call_with_frames_removed
  File "/opt/airflow/dags/stock_pipeline_dag.py", line 25, in <module>
    from ingestion.stock_fetcher import ingest_stock_data
  File "/opt/airflow/src/ingestion/stock_fetcher.py", line 15, in <module>
    from ingestion.minio_client import get_datalake, BRONZE_BUCKET
  File "/opt/airflow/src/ingestion/minio_client.py", line 16, in <module>
    from minio import Minio
ModuleNotFoundError: No module named 'minio'
[2026-02-03T19:31:09.108+0000] {processor.py:841} WARNING - No viable dags retrieved from /opt/airflow/dags/stock_pipeline_dag.py
[2026-02-03T19:31:09.125+0000] {processor.py:179} INFO - Processing /opt/airflow/dags/stock_pipeline_dag.py took 0.200 seconds
[2026-02-03T19:31:39.246+0000] {processor.py:157} INFO - Started process (PID=514) to work on /opt/airflow/dags/stock_pipeline_dag.py
[2026-02-03T19:31:39.252+0000] {processor.py:829} INFO - Processing file /opt/airflow/dags/stock_pipeline_dag.py for tasks to queue
[2026-02-03T19:31:39.253+0000] {logging_mixin.py:154} INFO - [2026-02-03T19:31:39.252+0000] {dagbag.py:536} INFO - Filling up the DagBag from /opt/airflow/dags/stock_pipeline_dag.py
[2026-02-03T19:31:39.413+0000] {logging_mixin.py:154} INFO - [2026-02-03T19:31:39.411+0000] {dagbag.py:346} ERROR - Failed to import: /opt/airflow/dags/stock_pipeline_dag.py
Traceback (most recent call last):
  File "/home/airflow/.local/lib/python3.10/site-packages/airflow/models/dagbag.py", line 342, in parse
    loader.exec_module(new_module)
  File "<frozen importlib._bootstrap_external>", line 883, in exec_module
  File "<frozen importlib._bootstrap>", line 241, in _call_with_frames_removed
  File "/opt/airflow/dags/stock_pipeline_dag.py", line 25, in <module>
    from ingestion.stock_fetcher import ingest_stock_data
  File "/opt/airflow/src/ingestion/stock_fetcher.py", line 15, in <module>
    from ingestion.minio_client import get_datalake, BRONZE_BUCKET
  File "/opt/airflow/src/ingestion/minio_client.py", line 16, in <module>
    from minio import Minio
ModuleNotFoundError: No module named 'minio'
[2026-02-03T19:31:39.413+0000] {processor.py:841} WARNING - No viable dags retrieved from /opt/airflow/dags/stock_pipeline_dag.py
[2026-02-03T19:31:39.430+0000] {processor.py:179} INFO - Processing /opt/airflow/dags/stock_pipeline_dag.py took 0.187 seconds
[2026-02-03T19:31:53.490+0000] {processor.py:157} INFO - Started process (PID=173) to work on /opt/airflow/dags/stock_pipeline_dag.py
[2026-02-03T19:31:53.490+0000] {processor.py:829} INFO - Processing file /opt/airflow/dags/stock_pipeline_dag.py for tasks to queue
[2026-02-03T19:31:53.491+0000] {logging_mixin.py:154} INFO - [2026-02-03T19:31:53.490+0000] {dagbag.py:536} INFO - Filling up the DagBag from /opt/airflow/dags/stock_pipeline_dag.py
[2026-02-03T19:31:54.649+0000] {processor.py:839} INFO - DAG(s) dict_keys(['stock_data_pipeline']) retrieved from /opt/airflow/dags/stock_pipeline_dag.py
[2026-02-03T19:31:54.803+0000] {logging_mixin.py:154} INFO - [2026-02-03T19:31:54.803+0000] {manager.py:499} INFO - Created Permission View: %s
[2026-02-03T19:31:54.809+0000] {logging_mixin.py:154} INFO - [2026-02-03T19:31:54.809+0000] {manager.py:499} INFO - Created Permission View: %s
[2026-02-03T19:31:54.812+0000] {logging_mixin.py:154} INFO - [2026-02-03T19:31:54.812+0000] {manager.py:499} INFO - Created Permission View: %s
[2026-02-03T19:31:54.812+0000] {logging_mixin.py:154} INFO - [2026-02-03T19:31:54.812+0000] {dag.py:2941} INFO - Sync 1 DAGs
[2026-02-03T19:31:54.819+0000] {logging_mixin.py:154} INFO - [2026-02-03T19:31:54.818+0000] {dag.py:2963} INFO - Creating ORM DAG for stock_data_pipeline
[2026-02-03T19:31:54.825+0000] {logging_mixin.py:154} INFO - [2026-02-03T19:31:54.825+0000] {dag.py:3722} INFO - Setting next_dagrun for stock_data_pipeline to 2026-02-02T18:00:00+00:00, run_after=2026-02-03T18:00:00+00:00
[2026-02-03T19:31:54.838+0000] {processor.py:179} INFO - Processing /opt/airflow/dags/stock_pipeline_dag.py took 1.350 seconds
[2026-02-03T19:32:24.972+0000] {processor.py:157} INFO - Started process (PID=198) to work on /opt/airflow/dags/stock_pipeline_dag.py
[2026-02-03T19:32:24.977+0000] {processor.py:829} INFO - Processing file /opt/airflow/dags/stock_pipeline_dag.py for tasks to queue
[2026-02-03T19:32:24.978+0000] {logging_mixin.py:154} INFO - [2026-02-03T19:32:24.978+0000] {dagbag.py:536} INFO - Filling up the DagBag from /opt/airflow/dags/stock_pipeline_dag.py
[2026-02-03T19:32:25.321+0000] {processor.py:839} INFO - DAG(s) dict_keys(['stock_data_pipeline']) retrieved from /opt/airflow/dags/stock_pipeline_dag.py
[2026-02-03T19:32:25.335+0000] {logging_mixin.py:154} INFO - [2026-02-03T19:32:25.335+0000] {dag.py:2941} INFO - Sync 1 DAGs
[2026-02-03T19:32:25.347+0000] {logging_mixin.py:154} INFO - [2026-02-03T19:32:25.347+0000] {dag.py:3722} INFO - Setting next_dagrun for stock_data_pipeline to 2026-02-03T18:00:00+00:00, run_after=2026-02-04T18:00:00+00:00
[2026-02-03T19:32:25.363+0000] {processor.py:179} INFO - Processing /opt/airflow/dags/stock_pipeline_dag.py took 0.394 seconds
[2026-02-03T19:32:55.500+0000] {processor.py:157} INFO - Started process (PID=225) to work on /opt/airflow/dags/stock_pipeline_dag.py
[2026-02-03T19:32:55.501+0000] {processor.py:829} INFO - Processing file /opt/airflow/dags/stock_pipeline_dag.py for tasks to queue
[2026-02-03T19:32:55.502+0000] {logging_mixin.py:154} INFO - [2026-02-03T19:32:55.502+0000] {dagbag.py:536} INFO - Filling up the DagBag from /opt/airflow/dags/stock_pipeline_dag.py
[2026-02-03T19:32:55.839+0000] {processor.py:839} INFO - DAG(s) dict_keys(['stock_data_pipeline']) retrieved from /opt/airflow/dags/stock_pipeline_dag.py
[2026-02-03T19:32:55.853+0000] {logging_mixin.py:154} INFO - [2026-02-03T19:32:55.853+0000] {dag.py:2941} INFO - Sync 1 DAGs
[2026-02-03T19:32:55.867+0000] {logging_mixin.py:154} INFO - [2026-02-03T19:32:55.867+0000] {dag.py:3722} INFO - Setting next_dagrun for stock_data_pipeline to 2026-02-03T18:00:00+00:00, run_after=2026-02-04T18:00:00+00:00
[2026-02-03T19:32:55.876+0000] {processor.py:179} INFO - Processing /opt/airflow/dags/stock_pipeline_dag.py took 0.380 seconds
[2026-02-03T19:33:25.998+0000] {processor.py:157} INFO - Started process (PID=245) to work on /opt/airflow/dags/stock_pipeline_dag.py
[2026-02-03T19:33:26.004+0000] {processor.py:829} INFO - Processing file /opt/airflow/dags/stock_pipeline_dag.py for tasks to queue
[2026-02-03T19:33:26.004+0000] {logging_mixin.py:154} INFO - [2026-02-03T19:33:26.004+0000] {dagbag.py:536} INFO - Filling up the DagBag from /opt/airflow/dags/stock_pipeline_dag.py
[2026-02-03T19:33:26.409+0000] {processor.py:839} INFO - DAG(s) dict_keys(['stock_data_pipeline']) retrieved from /opt/airflow/dags/stock_pipeline_dag.py
[2026-02-03T19:33:26.425+0000] {logging_mixin.py:154} INFO - [2026-02-03T19:33:26.425+0000] {dag.py:2941} INFO - Sync 1 DAGs
[2026-02-03T19:33:26.441+0000] {logging_mixin.py:154} INFO - [2026-02-03T19:33:26.441+0000] {dag.py:3722} INFO - Setting next_dagrun for stock_data_pipeline to 2026-02-03T18:00:00+00:00, run_after=2026-02-04T18:00:00+00:00
[2026-02-03T19:33:26.457+0000] {processor.py:179} INFO - Processing /opt/airflow/dags/stock_pipeline_dag.py took 0.461 seconds
[2026-02-03T19:33:56.603+0000] {processor.py:157} INFO - Started process (PID=270) to work on /opt/airflow/dags/stock_pipeline_dag.py
[2026-02-03T19:33:56.604+0000] {processor.py:829} INFO - Processing file /opt/airflow/dags/stock_pipeline_dag.py for tasks to queue
[2026-02-03T19:33:56.604+0000] {logging_mixin.py:154} INFO - [2026-02-03T19:33:56.604+0000] {dagbag.py:536} INFO - Filling up the DagBag from /opt/airflow/dags/stock_pipeline_dag.py
[2026-02-03T19:33:56.963+0000] {processor.py:839} INFO - DAG(s) dict_keys(['stock_data_pipeline']) retrieved from /opt/airflow/dags/stock_pipeline_dag.py
[2026-02-03T19:33:56.977+0000] {logging_mixin.py:154} INFO - [2026-02-03T19:33:56.977+0000] {dag.py:2941} INFO - Sync 1 DAGs
[2026-02-03T19:33:56.990+0000] {logging_mixin.py:154} INFO - [2026-02-03T19:33:56.989+0000] {dag.py:3722} INFO - Setting next_dagrun for stock_data_pipeline to 2026-02-03T18:00:00+00:00, run_after=2026-02-04T18:00:00+00:00
[2026-02-03T19:33:56.999+0000] {processor.py:179} INFO - Processing /opt/airflow/dags/stock_pipeline_dag.py took 0.401 seconds
[2026-02-03T19:34:27.140+0000] {processor.py:157} INFO - Started process (PID=282) to work on /opt/airflow/dags/stock_pipeline_dag.py
[2026-02-03T19:34:27.142+0000] {processor.py:829} INFO - Processing file /opt/airflow/dags/stock_pipeline_dag.py for tasks to queue
[2026-02-03T19:34:27.143+0000] {logging_mixin.py:154} INFO - [2026-02-03T19:34:27.142+0000] {dagbag.py:536} INFO - Filling up the DagBag from /opt/airflow/dags/stock_pipeline_dag.py
[2026-02-03T19:34:27.489+0000] {processor.py:839} INFO - DAG(s) dict_keys(['stock_data_pipeline']) retrieved from /opt/airflow/dags/stock_pipeline_dag.py
[2026-02-03T19:34:27.504+0000] {logging_mixin.py:154} INFO - [2026-02-03T19:34:27.504+0000] {dag.py:2941} INFO - Sync 1 DAGs
[2026-02-03T19:34:27.518+0000] {logging_mixin.py:154} INFO - [2026-02-03T19:34:27.518+0000] {dag.py:3722} INFO - Setting next_dagrun for stock_data_pipeline to 2026-02-03T18:00:00+00:00, run_after=2026-02-04T18:00:00+00:00
[2026-02-03T19:34:27.533+0000] {processor.py:179} INFO - Processing /opt/airflow/dags/stock_pipeline_dag.py took 0.397 seconds
[2026-02-03T19:34:57.685+0000] {processor.py:157} INFO - Started process (PID=295) to work on /opt/airflow/dags/stock_pipeline_dag.py
[2026-02-03T19:34:57.686+0000] {processor.py:829} INFO - Processing file /opt/airflow/dags/stock_pipeline_dag.py for tasks to queue
[2026-02-03T19:34:57.686+0000] {logging_mixin.py:154} INFO - [2026-02-03T19:34:57.686+0000] {dagbag.py:536} INFO - Filling up the DagBag from /opt/airflow/dags/stock_pipeline_dag.py
[2026-02-03T19:34:58.012+0000] {processor.py:839} INFO - DAG(s) dict_keys(['stock_data_pipeline']) retrieved from /opt/airflow/dags/stock_pipeline_dag.py
[2026-02-03T19:34:58.026+0000] {logging_mixin.py:154} INFO - [2026-02-03T19:34:58.025+0000] {dag.py:2941} INFO - Sync 1 DAGs
[2026-02-03T19:34:58.038+0000] {logging_mixin.py:154} INFO - [2026-02-03T19:34:58.038+0000] {dag.py:3722} INFO - Setting next_dagrun for stock_data_pipeline to 2026-02-03T18:00:00+00:00, run_after=2026-02-04T18:00:00+00:00
[2026-02-03T19:34:58.052+0000] {processor.py:179} INFO - Processing /opt/airflow/dags/stock_pipeline_dag.py took 0.372 seconds
[2026-02-03T19:35:28.194+0000] {processor.py:157} INFO - Started process (PID=308) to work on /opt/airflow/dags/stock_pipeline_dag.py
[2026-02-03T19:35:28.200+0000] {processor.py:829} INFO - Processing file /opt/airflow/dags/stock_pipeline_dag.py for tasks to queue
[2026-02-03T19:35:28.201+0000] {logging_mixin.py:154} INFO - [2026-02-03T19:35:28.201+0000] {dagbag.py:536} INFO - Filling up the DagBag from /opt/airflow/dags/stock_pipeline_dag.py
[2026-02-03T19:35:28.590+0000] {processor.py:839} INFO - DAG(s) dict_keys(['stock_data_pipeline']) retrieved from /opt/airflow/dags/stock_pipeline_dag.py
[2026-02-03T19:35:28.606+0000] {logging_mixin.py:154} INFO - [2026-02-03T19:35:28.606+0000] {dag.py:2941} INFO - Sync 1 DAGs
[2026-02-03T19:35:28.619+0000] {logging_mixin.py:154} INFO - [2026-02-03T19:35:28.619+0000] {dag.py:3722} INFO - Setting next_dagrun for stock_data_pipeline to 2026-02-03T18:00:00+00:00, run_after=2026-02-04T18:00:00+00:00
[2026-02-03T19:35:28.634+0000] {processor.py:179} INFO - Processing /opt/airflow/dags/stock_pipeline_dag.py took 0.444 seconds
[2026-02-03T19:35:58.789+0000] {processor.py:157} INFO - Started process (PID=321) to work on /opt/airflow/dags/stock_pipeline_dag.py
[2026-02-03T19:35:58.789+0000] {processor.py:829} INFO - Processing file /opt/airflow/dags/stock_pipeline_dag.py for tasks to queue
[2026-02-03T19:35:58.789+0000] {logging_mixin.py:154} INFO - [2026-02-03T19:35:58.789+0000] {dagbag.py:536} INFO - Filling up the DagBag from /opt/airflow/dags/stock_pipeline_dag.py
[2026-02-03T19:35:59.145+0000] {processor.py:839} INFO - DAG(s) dict_keys(['stock_data_pipeline']) retrieved from /opt/airflow/dags/stock_pipeline_dag.py
[2026-02-03T19:35:59.160+0000] {logging_mixin.py:154} INFO - [2026-02-03T19:35:59.160+0000] {dag.py:2941} INFO - Sync 1 DAGs
[2026-02-03T19:35:59.174+0000] {logging_mixin.py:154} INFO - [2026-02-03T19:35:59.174+0000] {dag.py:3722} INFO - Setting next_dagrun for stock_data_pipeline to 2026-02-03T18:00:00+00:00, run_after=2026-02-04T18:00:00+00:00
[2026-02-03T19:35:59.188+0000] {processor.py:179} INFO - Processing /opt/airflow/dags/stock_pipeline_dag.py took 0.402 seconds
[2026-02-03T19:36:29.331+0000] {processor.py:157} INFO - Started process (PID=334) to work on /opt/airflow/dags/stock_pipeline_dag.py
[2026-02-03T19:36:29.337+0000] {processor.py:829} INFO - Processing file /opt/airflow/dags/stock_pipeline_dag.py for tasks to queue
[2026-02-03T19:36:29.338+0000] {logging_mixin.py:154} INFO - [2026-02-03T19:36:29.337+0000] {dagbag.py:536} INFO - Filling up the DagBag from /opt/airflow/dags/stock_pipeline_dag.py
[2026-02-03T19:36:29.663+0000] {processor.py:839} INFO - DAG(s) dict_keys(['stock_data_pipeline']) retrieved from /opt/airflow/dags/stock_pipeline_dag.py
[2026-02-03T19:36:29.677+0000] {logging_mixin.py:154} INFO - [2026-02-03T19:36:29.677+0000] {dag.py:2941} INFO - Sync 1 DAGs
[2026-02-03T19:36:29.689+0000] {logging_mixin.py:154} INFO - [2026-02-03T19:36:29.689+0000] {dag.py:3722} INFO - Setting next_dagrun for stock_data_pipeline to 2026-02-03T18:00:00+00:00, run_after=2026-02-04T18:00:00+00:00
[2026-02-03T19:36:29.706+0000] {processor.py:179} INFO - Processing /opt/airflow/dags/stock_pipeline_dag.py took 0.379 seconds
[2026-02-03T19:36:59.858+0000] {processor.py:157} INFO - Started process (PID=353) to work on /opt/airflow/dags/stock_pipeline_dag.py
[2026-02-03T19:36:59.859+0000] {processor.py:829} INFO - Processing file /opt/airflow/dags/stock_pipeline_dag.py for tasks to queue
[2026-02-03T19:36:59.859+0000] {logging_mixin.py:154} INFO - [2026-02-03T19:36:59.859+0000] {dagbag.py:536} INFO - Filling up the DagBag from /opt/airflow/dags/stock_pipeline_dag.py
[2026-02-03T19:37:00.181+0000] {processor.py:839} INFO - DAG(s) dict_keys(['stock_data_pipeline']) retrieved from /opt/airflow/dags/stock_pipeline_dag.py
[2026-02-03T19:37:00.194+0000] {logging_mixin.py:154} INFO - [2026-02-03T19:37:00.194+0000] {dag.py:2941} INFO - Sync 1 DAGs
[2026-02-03T19:37:00.208+0000] {logging_mixin.py:154} INFO - [2026-02-03T19:37:00.208+0000] {dag.py:3722} INFO - Setting next_dagrun for stock_data_pipeline to 2026-02-03T18:00:00+00:00, run_after=2026-02-04T18:00:00+00:00
[2026-02-03T19:37:00.224+0000] {processor.py:179} INFO - Processing /opt/airflow/dags/stock_pipeline_dag.py took 0.369 seconds
[2026-02-03T19:37:30.374+0000] {processor.py:157} INFO - Started process (PID=366) to work on /opt/airflow/dags/stock_pipeline_dag.py
[2026-02-03T19:37:30.375+0000] {processor.py:829} INFO - Processing file /opt/airflow/dags/stock_pipeline_dag.py for tasks to queue
[2026-02-03T19:37:30.376+0000] {logging_mixin.py:154} INFO - [2026-02-03T19:37:30.376+0000] {dagbag.py:536} INFO - Filling up the DagBag from /opt/airflow/dags/stock_pipeline_dag.py
[2026-02-03T19:37:30.699+0000] {processor.py:839} INFO - DAG(s) dict_keys(['stock_data_pipeline']) retrieved from /opt/airflow/dags/stock_pipeline_dag.py
[2026-02-03T19:37:30.715+0000] {logging_mixin.py:154} INFO - [2026-02-03T19:37:30.714+0000] {dag.py:2941} INFO - Sync 1 DAGs
[2026-02-03T19:37:30.727+0000] {logging_mixin.py:154} INFO - [2026-02-03T19:37:30.727+0000] {dag.py:3722} INFO - Setting next_dagrun for stock_data_pipeline to 2026-02-03T18:00:00+00:00, run_after=2026-02-04T18:00:00+00:00
[2026-02-03T19:37:30.740+0000] {processor.py:179} INFO - Processing /opt/airflow/dags/stock_pipeline_dag.py took 0.371 seconds
[2026-02-03T19:38:00.899+0000] {processor.py:157} INFO - Started process (PID=379) to work on /opt/airflow/dags/stock_pipeline_dag.py
[2026-02-03T19:38:00.900+0000] {processor.py:829} INFO - Processing file /opt/airflow/dags/stock_pipeline_dag.py for tasks to queue
[2026-02-03T19:38:00.901+0000] {logging_mixin.py:154} INFO - [2026-02-03T19:38:00.901+0000] {dagbag.py:536} INFO - Filling up the DagBag from /opt/airflow/dags/stock_pipeline_dag.py
[2026-02-03T19:38:01.225+0000] {processor.py:839} INFO - DAG(s) dict_keys(['stock_data_pipeline']) retrieved from /opt/airflow/dags/stock_pipeline_dag.py
[2026-02-03T19:38:01.240+0000] {logging_mixin.py:154} INFO - [2026-02-03T19:38:01.240+0000] {dag.py:2941} INFO - Sync 1 DAGs
[2026-02-03T19:38:01.252+0000] {logging_mixin.py:154} INFO - [2026-02-03T19:38:01.252+0000] {dag.py:3722} INFO - Setting next_dagrun for stock_data_pipeline to 2026-02-03T18:00:00+00:00, run_after=2026-02-04T18:00:00+00:00
[2026-02-03T19:38:01.268+0000] {processor.py:179} INFO - Processing /opt/airflow/dags/stock_pipeline_dag.py took 0.373 seconds
[2026-02-03T19:38:31.418+0000] {processor.py:157} INFO - Started process (PID=392) to work on /opt/airflow/dags/stock_pipeline_dag.py
[2026-02-03T19:38:31.424+0000] {processor.py:829} INFO - Processing file /opt/airflow/dags/stock_pipeline_dag.py for tasks to queue
[2026-02-03T19:38:31.425+0000] {logging_mixin.py:154} INFO - [2026-02-03T19:38:31.424+0000] {dagbag.py:536} INFO - Filling up the DagBag from /opt/airflow/dags/stock_pipeline_dag.py
[2026-02-03T19:38:31.773+0000] {processor.py:839} INFO - DAG(s) dict_keys(['stock_data_pipeline']) retrieved from /opt/airflow/dags/stock_pipeline_dag.py
[2026-02-03T19:38:31.786+0000] {logging_mixin.py:154} INFO - [2026-02-03T19:38:31.786+0000] {dag.py:2941} INFO - Sync 1 DAGs
[2026-02-03T19:38:31.798+0000] {logging_mixin.py:154} INFO - [2026-02-03T19:38:31.798+0000] {dag.py:3722} INFO - Setting next_dagrun for stock_data_pipeline to 2026-02-03T18:00:00+00:00, run_after=2026-02-04T18:00:00+00:00
[2026-02-03T19:38:31.813+0000] {processor.py:179} INFO - Processing /opt/airflow/dags/stock_pipeline_dag.py took 0.400 seconds
[2026-02-03T19:39:01.967+0000] {processor.py:157} INFO - Started process (PID=405) to work on /opt/airflow/dags/stock_pipeline_dag.py
[2026-02-03T19:39:01.968+0000] {processor.py:829} INFO - Processing file /opt/airflow/dags/stock_pipeline_dag.py for tasks to queue
[2026-02-03T19:39:01.969+0000] {logging_mixin.py:154} INFO - [2026-02-03T19:39:01.968+0000] {dagbag.py:536} INFO - Filling up the DagBag from /opt/airflow/dags/stock_pipeline_dag.py
[2026-02-03T19:39:02.298+0000] {processor.py:839} INFO - DAG(s) dict_keys(['stock_data_pipeline']) retrieved from /opt/airflow/dags/stock_pipeline_dag.py
[2026-02-03T19:39:02.313+0000] {logging_mixin.py:154} INFO - [2026-02-03T19:39:02.313+0000] {dag.py:2941} INFO - Sync 1 DAGs
[2026-02-03T19:39:02.324+0000] {logging_mixin.py:154} INFO - [2026-02-03T19:39:02.324+0000] {dag.py:3722} INFO - Setting next_dagrun for stock_data_pipeline to 2026-02-03T18:00:00+00:00, run_after=2026-02-04T18:00:00+00:00
[2026-02-03T19:39:02.333+0000] {processor.py:179} INFO - Processing /opt/airflow/dags/stock_pipeline_dag.py took 0.372 seconds
[2026-02-03T19:39:32.474+0000] {processor.py:157} INFO - Started process (PID=418) to work on /opt/airflow/dags/stock_pipeline_dag.py
[2026-02-03T19:39:32.480+0000] {processor.py:829} INFO - Processing file /opt/airflow/dags/stock_pipeline_dag.py for tasks to queue
[2026-02-03T19:39:32.481+0000] {logging_mixin.py:154} INFO - [2026-02-03T19:39:32.481+0000] {dagbag.py:536} INFO - Filling up the DagBag from /opt/airflow/dags/stock_pipeline_dag.py
[2026-02-03T19:39:32.841+0000] {processor.py:839} INFO - DAG(s) dict_keys(['stock_data_pipeline']) retrieved from /opt/airflow/dags/stock_pipeline_dag.py
[2026-02-03T19:39:32.856+0000] {logging_mixin.py:154} INFO - [2026-02-03T19:39:32.856+0000] {dag.py:2941} INFO - Sync 1 DAGs
[2026-02-03T19:39:32.870+0000] {logging_mixin.py:154} INFO - [2026-02-03T19:39:32.870+0000] {dag.py:3722} INFO - Setting next_dagrun for stock_data_pipeline to 2026-02-03T18:00:00+00:00, run_after=2026-02-04T18:00:00+00:00
[2026-02-03T19:39:32.885+0000] {processor.py:179} INFO - Processing /opt/airflow/dags/stock_pipeline_dag.py took 0.414 seconds
[2026-02-03T19:40:03.028+0000] {processor.py:157} INFO - Started process (PID=476) to work on /opt/airflow/dags/stock_pipeline_dag.py
[2026-02-03T19:40:03.029+0000] {processor.py:829} INFO - Processing file /opt/airflow/dags/stock_pipeline_dag.py for tasks to queue
[2026-02-03T19:40:03.030+0000] {logging_mixin.py:154} INFO - [2026-02-03T19:40:03.029+0000] {dagbag.py:536} INFO - Filling up the DagBag from /opt/airflow/dags/stock_pipeline_dag.py
[2026-02-03T19:40:03.382+0000] {processor.py:839} INFO - DAG(s) dict_keys(['stock_data_pipeline']) retrieved from /opt/airflow/dags/stock_pipeline_dag.py
[2026-02-03T19:40:03.397+0000] {logging_mixin.py:154} INFO - [2026-02-03T19:40:03.397+0000] {dag.py:2941} INFO - Sync 1 DAGs
[2026-02-03T19:40:03.410+0000] {logging_mixin.py:154} INFO - [2026-02-03T19:40:03.410+0000] {dag.py:3722} INFO - Setting next_dagrun for stock_data_pipeline to 2026-02-03T18:00:00+00:00, run_after=2026-02-04T18:00:00+00:00
[2026-02-03T19:40:03.419+0000] {processor.py:179} INFO - Processing /opt/airflow/dags/stock_pipeline_dag.py took 0.394 seconds
[2026-02-03T19:40:33.555+0000] {processor.py:157} INFO - Started process (PID=489) to work on /opt/airflow/dags/stock_pipeline_dag.py
[2026-02-03T19:40:33.556+0000] {processor.py:829} INFO - Processing file /opt/airflow/dags/stock_pipeline_dag.py for tasks to queue
[2026-02-03T19:40:33.556+0000] {logging_mixin.py:154} INFO - [2026-02-03T19:40:33.556+0000] {dagbag.py:536} INFO - Filling up the DagBag from /opt/airflow/dags/stock_pipeline_dag.py
[2026-02-03T19:40:33.877+0000] {processor.py:839} INFO - DAG(s) dict_keys(['stock_data_pipeline']) retrieved from /opt/airflow/dags/stock_pipeline_dag.py
[2026-02-03T19:40:33.891+0000] {logging_mixin.py:154} INFO - [2026-02-03T19:40:33.891+0000] {dag.py:2941} INFO - Sync 1 DAGs
[2026-02-03T19:40:33.902+0000] {logging_mixin.py:154} INFO - [2026-02-03T19:40:33.902+0000] {dag.py:3722} INFO - Setting next_dagrun for stock_data_pipeline to 2026-02-03T18:00:00+00:00, run_after=2026-02-04T18:00:00+00:00
[2026-02-03T19:40:33.917+0000] {processor.py:179} INFO - Processing /opt/airflow/dags/stock_pipeline_dag.py took 0.364 seconds
[2026-02-03T19:41:04.065+0000] {processor.py:157} INFO - Started process (PID=502) to work on /opt/airflow/dags/stock_pipeline_dag.py
[2026-02-03T19:41:04.066+0000] {processor.py:829} INFO - Processing file /opt/airflow/dags/stock_pipeline_dag.py for tasks to queue
[2026-02-03T19:41:04.067+0000] {logging_mixin.py:154} INFO - [2026-02-03T19:41:04.066+0000] {dagbag.py:536} INFO - Filling up the DagBag from /opt/airflow/dags/stock_pipeline_dag.py
[2026-02-03T19:41:04.429+0000] {processor.py:839} INFO - DAG(s) dict_keys(['stock_data_pipeline']) retrieved from /opt/airflow/dags/stock_pipeline_dag.py
[2026-02-03T19:41:04.443+0000] {logging_mixin.py:154} INFO - [2026-02-03T19:41:04.442+0000] {dag.py:2941} INFO - Sync 1 DAGs
[2026-02-03T19:41:04.454+0000] {logging_mixin.py:154} INFO - [2026-02-03T19:41:04.454+0000] {dag.py:3722} INFO - Setting next_dagrun for stock_data_pipeline to 2026-02-03T18:00:00+00:00, run_after=2026-02-04T18:00:00+00:00
[2026-02-03T19:41:04.469+0000] {processor.py:179} INFO - Processing /opt/airflow/dags/stock_pipeline_dag.py took 0.407 seconds
[2026-02-03T19:41:34.597+0000] {processor.py:157} INFO - Started process (PID=521) to work on /opt/airflow/dags/stock_pipeline_dag.py
[2026-02-03T19:41:34.602+0000] {processor.py:829} INFO - Processing file /opt/airflow/dags/stock_pipeline_dag.py for tasks to queue
[2026-02-03T19:41:34.603+0000] {logging_mixin.py:154} INFO - [2026-02-03T19:41:34.603+0000] {dagbag.py:536} INFO - Filling up the DagBag from /opt/airflow/dags/stock_pipeline_dag.py
[2026-02-03T19:41:34.968+0000] {processor.py:839} INFO - DAG(s) dict_keys(['stock_data_pipeline']) retrieved from /opt/airflow/dags/stock_pipeline_dag.py
[2026-02-03T19:41:34.982+0000] {logging_mixin.py:154} INFO - [2026-02-03T19:41:34.981+0000] {dag.py:2941} INFO - Sync 1 DAGs
[2026-02-03T19:41:34.994+0000] {logging_mixin.py:154} INFO - [2026-02-03T19:41:34.994+0000] {dag.py:3722} INFO - Setting next_dagrun for stock_data_pipeline to 2026-02-03T18:00:00+00:00, run_after=2026-02-04T18:00:00+00:00
[2026-02-03T19:41:35.003+0000] {processor.py:179} INFO - Processing /opt/airflow/dags/stock_pipeline_dag.py took 0.408 seconds
[2026-02-03T19:42:05.152+0000] {processor.py:157} INFO - Started process (PID=534) to work on /opt/airflow/dags/stock_pipeline_dag.py
[2026-02-03T19:42:05.153+0000] {processor.py:829} INFO - Processing file /opt/airflow/dags/stock_pipeline_dag.py for tasks to queue
[2026-02-03T19:42:05.153+0000] {logging_mixin.py:154} INFO - [2026-02-03T19:42:05.153+0000] {dagbag.py:536} INFO - Filling up the DagBag from /opt/airflow/dags/stock_pipeline_dag.py
[2026-02-03T19:42:05.508+0000] {processor.py:839} INFO - DAG(s) dict_keys(['stock_data_pipeline']) retrieved from /opt/airflow/dags/stock_pipeline_dag.py
[2026-02-03T19:42:05.525+0000] {logging_mixin.py:154} INFO - [2026-02-03T19:42:05.524+0000] {dag.py:2941} INFO - Sync 1 DAGs
[2026-02-03T19:42:05.540+0000] {logging_mixin.py:154} INFO - [2026-02-03T19:42:05.540+0000] {dag.py:3722} INFO - Setting next_dagrun for stock_data_pipeline to 2026-02-03T18:00:00+00:00, run_after=2026-02-04T18:00:00+00:00
[2026-02-03T19:42:05.555+0000] {processor.py:179} INFO - Processing /opt/airflow/dags/stock_pipeline_dag.py took 0.407 seconds
[2026-02-03T19:42:35.672+0000] {processor.py:157} INFO - Started process (PID=579) to work on /opt/airflow/dags/stock_pipeline_dag.py
[2026-02-03T19:42:35.672+0000] {processor.py:829} INFO - Processing file /opt/airflow/dags/stock_pipeline_dag.py for tasks to queue
[2026-02-03T19:42:35.673+0000] {logging_mixin.py:154} INFO - [2026-02-03T19:42:35.673+0000] {dagbag.py:536} INFO - Filling up the DagBag from /opt/airflow/dags/stock_pipeline_dag.py
[2026-02-03T19:42:36.070+0000] {processor.py:839} INFO - DAG(s) dict_keys(['stock_data_pipeline']) retrieved from /opt/airflow/dags/stock_pipeline_dag.py
[2026-02-03T19:42:36.085+0000] {logging_mixin.py:154} INFO - [2026-02-03T19:42:36.084+0000] {dag.py:2941} INFO - Sync 1 DAGs
[2026-02-03T19:42:36.098+0000] {logging_mixin.py:154} INFO - [2026-02-03T19:42:36.098+0000] {dag.py:3722} INFO - Setting next_dagrun for stock_data_pipeline to 2026-02-03T18:00:00+00:00, run_after=2026-02-04T18:00:00+00:00
[2026-02-03T19:42:36.113+0000] {processor.py:179} INFO - Processing /opt/airflow/dags/stock_pipeline_dag.py took 0.445 seconds
[2026-02-03T19:43:06.250+0000] {processor.py:157} INFO - Started process (PID=592) to work on /opt/airflow/dags/stock_pipeline_dag.py
[2026-02-03T19:43:06.250+0000] {processor.py:829} INFO - Processing file /opt/airflow/dags/stock_pipeline_dag.py for tasks to queue
[2026-02-03T19:43:06.251+0000] {logging_mixin.py:154} INFO - [2026-02-03T19:43:06.251+0000] {dagbag.py:536} INFO - Filling up the DagBag from /opt/airflow/dags/stock_pipeline_dag.py
[2026-02-03T19:43:06.587+0000] {processor.py:839} INFO - DAG(s) dict_keys(['stock_data_pipeline']) retrieved from /opt/airflow/dags/stock_pipeline_dag.py
[2026-02-03T19:43:06.601+0000] {logging_mixin.py:154} INFO - [2026-02-03T19:43:06.601+0000] {dag.py:2941} INFO - Sync 1 DAGs
[2026-02-03T19:43:06.613+0000] {logging_mixin.py:154} INFO - [2026-02-03T19:43:06.613+0000] {dag.py:3722} INFO - Setting next_dagrun for stock_data_pipeline to 2026-02-03T18:00:00+00:00, run_after=2026-02-04T18:00:00+00:00
[2026-02-03T19:43:06.628+0000] {processor.py:179} INFO - Processing /opt/airflow/dags/stock_pipeline_dag.py took 0.380 seconds
[2026-02-03T19:43:36.766+0000] {processor.py:157} INFO - Started process (PID=605) to work on /opt/airflow/dags/stock_pipeline_dag.py
[2026-02-03T19:43:36.766+0000] {processor.py:829} INFO - Processing file /opt/airflow/dags/stock_pipeline_dag.py for tasks to queue
[2026-02-03T19:43:36.767+0000] {logging_mixin.py:154} INFO - [2026-02-03T19:43:36.767+0000] {dagbag.py:536} INFO - Filling up the DagBag from /opt/airflow/dags/stock_pipeline_dag.py
[2026-02-03T19:43:37.111+0000] {processor.py:839} INFO - DAG(s) dict_keys(['stock_data_pipeline']) retrieved from /opt/airflow/dags/stock_pipeline_dag.py
[2026-02-03T19:43:37.125+0000] {logging_mixin.py:154} INFO - [2026-02-03T19:43:37.125+0000] {dag.py:2941} INFO - Sync 1 DAGs
[2026-02-03T19:43:37.138+0000] {logging_mixin.py:154} INFO - [2026-02-03T19:43:37.138+0000] {dag.py:3722} INFO - Setting next_dagrun for stock_data_pipeline to 2026-02-03T18:00:00+00:00, run_after=2026-02-04T18:00:00+00:00
[2026-02-03T19:43:37.153+0000] {processor.py:179} INFO - Processing /opt/airflow/dags/stock_pipeline_dag.py took 0.389 seconds
[2026-02-03T19:44:07.288+0000] {processor.py:157} INFO - Started process (PID=618) to work on /opt/airflow/dags/stock_pipeline_dag.py
[2026-02-03T19:44:07.289+0000] {processor.py:829} INFO - Processing file /opt/airflow/dags/stock_pipeline_dag.py for tasks to queue
[2026-02-03T19:44:07.289+0000] {logging_mixin.py:154} INFO - [2026-02-03T19:44:07.289+0000] {dagbag.py:536} INFO - Filling up the DagBag from /opt/airflow/dags/stock_pipeline_dag.py
[2026-02-03T19:44:07.624+0000] {processor.py:839} INFO - DAG(s) dict_keys(['stock_data_pipeline']) retrieved from /opt/airflow/dags/stock_pipeline_dag.py
[2026-02-03T19:44:07.638+0000] {logging_mixin.py:154} INFO - [2026-02-03T19:44:07.638+0000] {dag.py:2941} INFO - Sync 1 DAGs
[2026-02-03T19:44:07.650+0000] {logging_mixin.py:154} INFO - [2026-02-03T19:44:07.650+0000] {dag.py:3722} INFO - Setting next_dagrun for stock_data_pipeline to 2026-02-03T18:00:00+00:00, run_after=2026-02-04T18:00:00+00:00
[2026-02-03T19:44:07.664+0000] {processor.py:179} INFO - Processing /opt/airflow/dags/stock_pipeline_dag.py took 0.380 seconds
[2026-02-03T19:44:37.819+0000] {processor.py:157} INFO - Started process (PID=631) to work on /opt/airflow/dags/stock_pipeline_dag.py
[2026-02-03T19:44:37.825+0000] {processor.py:829} INFO - Processing file /opt/airflow/dags/stock_pipeline_dag.py for tasks to queue
[2026-02-03T19:44:37.826+0000] {logging_mixin.py:154} INFO - [2026-02-03T19:44:37.826+0000] {dagbag.py:536} INFO - Filling up the DagBag from /opt/airflow/dags/stock_pipeline_dag.py
[2026-02-03T19:44:38.153+0000] {processor.py:839} INFO - DAG(s) dict_keys(['stock_data_pipeline']) retrieved from /opt/airflow/dags/stock_pipeline_dag.py
[2026-02-03T19:44:38.166+0000] {logging_mixin.py:154} INFO - [2026-02-03T19:44:38.166+0000] {dag.py:2941} INFO - Sync 1 DAGs
[2026-02-03T19:44:38.178+0000] {logging_mixin.py:154} INFO - [2026-02-03T19:44:38.178+0000] {dag.py:3722} INFO - Setting next_dagrun for stock_data_pipeline to 2026-02-03T18:00:00+00:00, run_after=2026-02-04T18:00:00+00:00
[2026-02-03T19:44:38.193+0000] {processor.py:179} INFO - Processing /opt/airflow/dags/stock_pipeline_dag.py took 0.379 seconds
[2026-02-03T19:45:08.348+0000] {processor.py:157} INFO - Started process (PID=644) to work on /opt/airflow/dags/stock_pipeline_dag.py
[2026-02-03T19:45:08.348+0000] {processor.py:829} INFO - Processing file /opt/airflow/dags/stock_pipeline_dag.py for tasks to queue
[2026-02-03T19:45:08.349+0000] {logging_mixin.py:154} INFO - [2026-02-03T19:45:08.349+0000] {dagbag.py:536} INFO - Filling up the DagBag from /opt/airflow/dags/stock_pipeline_dag.py
[2026-02-03T19:45:08.670+0000] {processor.py:839} INFO - DAG(s) dict_keys(['stock_data_pipeline']) retrieved from /opt/airflow/dags/stock_pipeline_dag.py
[2026-02-03T19:45:08.684+0000] {logging_mixin.py:154} INFO - [2026-02-03T19:45:08.683+0000] {dag.py:2941} INFO - Sync 1 DAGs
[2026-02-03T19:45:08.696+0000] {logging_mixin.py:154} INFO - [2026-02-03T19:45:08.695+0000] {dag.py:3722} INFO - Setting next_dagrun for stock_data_pipeline to 2026-02-03T18:00:00+00:00, run_after=2026-02-04T18:00:00+00:00
[2026-02-03T19:45:08.710+0000] {processor.py:179} INFO - Processing /opt/airflow/dags/stock_pipeline_dag.py took 0.365 seconds
[2026-02-03T19:45:38.834+0000] {processor.py:157} INFO - Started process (PID=657) to work on /opt/airflow/dags/stock_pipeline_dag.py
[2026-02-03T19:45:38.839+0000] {processor.py:829} INFO - Processing file /opt/airflow/dags/stock_pipeline_dag.py for tasks to queue
[2026-02-03T19:45:38.840+0000] {logging_mixin.py:154} INFO - [2026-02-03T19:45:38.840+0000] {dagbag.py:536} INFO - Filling up the DagBag from /opt/airflow/dags/stock_pipeline_dag.py
[2026-02-03T19:45:39.179+0000] {processor.py:839} INFO - DAG(s) dict_keys(['stock_data_pipeline']) retrieved from /opt/airflow/dags/stock_pipeline_dag.py
[2026-02-03T19:45:39.193+0000] {logging_mixin.py:154} INFO - [2026-02-03T19:45:39.193+0000] {dag.py:2941} INFO - Sync 1 DAGs
[2026-02-03T19:45:39.206+0000] {logging_mixin.py:154} INFO - [2026-02-03T19:45:39.206+0000] {dag.py:3722} INFO - Setting next_dagrun for stock_data_pipeline to 2026-02-03T18:00:00+00:00, run_after=2026-02-04T18:00:00+00:00
[2026-02-03T19:45:39.220+0000] {processor.py:179} INFO - Processing /opt/airflow/dags/stock_pipeline_dag.py took 0.389 seconds
[2026-02-03T19:46:09.368+0000] {processor.py:157} INFO - Started process (PID=670) to work on /opt/airflow/dags/stock_pipeline_dag.py
[2026-02-03T19:46:09.368+0000] {processor.py:829} INFO - Processing file /opt/airflow/dags/stock_pipeline_dag.py for tasks to queue
[2026-02-03T19:46:09.368+0000] {logging_mixin.py:154} INFO - [2026-02-03T19:46:09.368+0000] {dagbag.py:536} INFO - Filling up the DagBag from /opt/airflow/dags/stock_pipeline_dag.py
[2026-02-03T19:46:09.695+0000] {processor.py:839} INFO - DAG(s) dict_keys(['stock_data_pipeline']) retrieved from /opt/airflow/dags/stock_pipeline_dag.py
[2026-02-03T19:46:09.710+0000] {logging_mixin.py:154} INFO - [2026-02-03T19:46:09.710+0000] {dag.py:2941} INFO - Sync 1 DAGs
[2026-02-03T19:46:09.722+0000] {logging_mixin.py:154} INFO - [2026-02-03T19:46:09.722+0000] {dag.py:3722} INFO - Setting next_dagrun for stock_data_pipeline to 2026-02-03T18:00:00+00:00, run_after=2026-02-04T18:00:00+00:00
[2026-02-03T19:46:09.736+0000] {processor.py:179} INFO - Processing /opt/airflow/dags/stock_pipeline_dag.py took 0.371 seconds
[2026-02-03T19:46:39.882+0000] {processor.py:157} INFO - Started process (PID=683) to work on /opt/airflow/dags/stock_pipeline_dag.py
[2026-02-03T19:46:39.888+0000] {processor.py:829} INFO - Processing file /opt/airflow/dags/stock_pipeline_dag.py for tasks to queue
[2026-02-03T19:46:39.889+0000] {logging_mixin.py:154} INFO - [2026-02-03T19:46:39.889+0000] {dagbag.py:536} INFO - Filling up the DagBag from /opt/airflow/dags/stock_pipeline_dag.py
[2026-02-03T19:46:40.223+0000] {processor.py:839} INFO - DAG(s) dict_keys(['stock_data_pipeline']) retrieved from /opt/airflow/dags/stock_pipeline_dag.py
[2026-02-03T19:46:40.237+0000] {logging_mixin.py:154} INFO - [2026-02-03T19:46:40.237+0000] {dag.py:2941} INFO - Sync 1 DAGs
[2026-02-03T19:46:40.250+0000] {logging_mixin.py:154} INFO - [2026-02-03T19:46:40.249+0000] {dag.py:3722} INFO - Setting next_dagrun for stock_data_pipeline to 2026-02-03T18:00:00+00:00, run_after=2026-02-04T18:00:00+00:00
[2026-02-03T19:46:40.259+0000] {processor.py:179} INFO - Processing /opt/airflow/dags/stock_pipeline_dag.py took 0.380 seconds
[2026-02-03T19:47:10.414+0000] {processor.py:157} INFO - Started process (PID=696) to work on /opt/airflow/dags/stock_pipeline_dag.py
[2026-02-03T19:47:10.414+0000] {processor.py:829} INFO - Processing file /opt/airflow/dags/stock_pipeline_dag.py for tasks to queue
[2026-02-03T19:47:10.415+0000] {logging_mixin.py:154} INFO - [2026-02-03T19:47:10.415+0000] {dagbag.py:536} INFO - Filling up the DagBag from /opt/airflow/dags/stock_pipeline_dag.py
[2026-02-03T19:47:10.797+0000] {processor.py:839} INFO - DAG(s) dict_keys(['stock_data_pipeline']) retrieved from /opt/airflow/dags/stock_pipeline_dag.py
[2026-02-03T19:47:10.814+0000] {logging_mixin.py:154} INFO - [2026-02-03T19:47:10.813+0000] {dag.py:2941} INFO - Sync 1 DAGs
[2026-02-03T19:47:10.829+0000] {logging_mixin.py:154} INFO - [2026-02-03T19:47:10.828+0000] {dag.py:3722} INFO - Setting next_dagrun for stock_data_pipeline to 2026-02-03T18:00:00+00:00, run_after=2026-02-04T18:00:00+00:00
[2026-02-03T19:47:10.840+0000] {processor.py:179} INFO - Processing /opt/airflow/dags/stock_pipeline_dag.py took 0.429 seconds
[2026-02-03T19:47:40.982+0000] {processor.py:157} INFO - Started process (PID=709) to work on /opt/airflow/dags/stock_pipeline_dag.py
[2026-02-03T19:47:40.984+0000] {processor.py:829} INFO - Processing file /opt/airflow/dags/stock_pipeline_dag.py for tasks to queue
[2026-02-03T19:47:40.985+0000] {logging_mixin.py:154} INFO - [2026-02-03T19:47:40.984+0000] {dagbag.py:536} INFO - Filling up the DagBag from /opt/airflow/dags/stock_pipeline_dag.py
[2026-02-03T19:47:41.329+0000] {processor.py:839} INFO - DAG(s) dict_keys(['stock_data_pipeline']) retrieved from /opt/airflow/dags/stock_pipeline_dag.py
[2026-02-03T19:47:41.344+0000] {logging_mixin.py:154} INFO - [2026-02-03T19:47:41.343+0000] {dag.py:2941} INFO - Sync 1 DAGs
[2026-02-03T19:47:41.358+0000] {logging_mixin.py:154} INFO - [2026-02-03T19:47:41.357+0000] {dag.py:3722} INFO - Setting next_dagrun for stock_data_pipeline to 2026-02-03T18:00:00+00:00, run_after=2026-02-04T18:00:00+00:00
[2026-02-03T19:47:41.372+0000] {processor.py:179} INFO - Processing /opt/airflow/dags/stock_pipeline_dag.py took 0.395 seconds
[2026-02-03T19:48:11.488+0000] {processor.py:157} INFO - Started process (PID=722) to work on /opt/airflow/dags/stock_pipeline_dag.py
[2026-02-03T19:48:11.488+0000] {processor.py:829} INFO - Processing file /opt/airflow/dags/stock_pipeline_dag.py for tasks to queue
[2026-02-03T19:48:11.489+0000] {logging_mixin.py:154} INFO - [2026-02-03T19:48:11.489+0000] {dagbag.py:536} INFO - Filling up the DagBag from /opt/airflow/dags/stock_pipeline_dag.py
[2026-02-03T19:48:11.830+0000] {processor.py:839} INFO - DAG(s) dict_keys(['stock_data_pipeline']) retrieved from /opt/airflow/dags/stock_pipeline_dag.py
[2026-02-03T19:48:11.848+0000] {logging_mixin.py:154} INFO - [2026-02-03T19:48:11.848+0000] {dag.py:2941} INFO - Sync 1 DAGs
[2026-02-03T19:48:11.864+0000] {logging_mixin.py:154} INFO - [2026-02-03T19:48:11.864+0000] {dag.py:3722} INFO - Setting next_dagrun for stock_data_pipeline to 2026-02-03T18:00:00+00:00, run_after=2026-02-04T18:00:00+00:00
[2026-02-03T19:48:11.883+0000] {processor.py:179} INFO - Processing /opt/airflow/dags/stock_pipeline_dag.py took 0.398 seconds
[2026-02-03T19:48:42.000+0000] {processor.py:157} INFO - Started process (PID=735) to work on /opt/airflow/dags/stock_pipeline_dag.py
[2026-02-03T19:48:42.006+0000] {processor.py:829} INFO - Processing file /opt/airflow/dags/stock_pipeline_dag.py for tasks to queue
[2026-02-03T19:48:42.006+0000] {logging_mixin.py:154} INFO - [2026-02-03T19:48:42.006+0000] {dagbag.py:536} INFO - Filling up the DagBag from /opt/airflow/dags/stock_pipeline_dag.py
[2026-02-03T19:48:42.364+0000] {processor.py:839} INFO - DAG(s) dict_keys(['stock_data_pipeline']) retrieved from /opt/airflow/dags/stock_pipeline_dag.py
[2026-02-03T19:48:42.379+0000] {logging_mixin.py:154} INFO - [2026-02-03T19:48:42.379+0000] {dag.py:2941} INFO - Sync 1 DAGs
[2026-02-03T19:48:42.394+0000] {logging_mixin.py:154} INFO - [2026-02-03T19:48:42.394+0000] {dag.py:3722} INFO - Setting next_dagrun for stock_data_pipeline to 2026-02-03T18:00:00+00:00, run_after=2026-02-04T18:00:00+00:00
[2026-02-03T19:48:42.411+0000] {processor.py:179} INFO - Processing /opt/airflow/dags/stock_pipeline_dag.py took 0.413 seconds
[2026-02-03T19:49:12.535+0000] {processor.py:157} INFO - Started process (PID=748) to work on /opt/airflow/dags/stock_pipeline_dag.py
[2026-02-03T19:49:12.536+0000] {processor.py:829} INFO - Processing file /opt/airflow/dags/stock_pipeline_dag.py for tasks to queue
[2026-02-03T19:49:12.537+0000] {logging_mixin.py:154} INFO - [2026-02-03T19:49:12.537+0000] {dagbag.py:536} INFO - Filling up the DagBag from /opt/airflow/dags/stock_pipeline_dag.py
[2026-02-03T19:49:12.881+0000] {processor.py:839} INFO - DAG(s) dict_keys(['stock_data_pipeline']) retrieved from /opt/airflow/dags/stock_pipeline_dag.py
[2026-02-03T19:49:12.895+0000] {logging_mixin.py:154} INFO - [2026-02-03T19:49:12.894+0000] {dag.py:2941} INFO - Sync 1 DAGs
[2026-02-03T19:49:12.906+0000] {logging_mixin.py:154} INFO - [2026-02-03T19:49:12.906+0000] {dag.py:3722} INFO - Setting next_dagrun for stock_data_pipeline to 2026-02-03T18:00:00+00:00, run_after=2026-02-04T18:00:00+00:00
[2026-02-03T19:49:12.922+0000] {processor.py:179} INFO - Processing /opt/airflow/dags/stock_pipeline_dag.py took 0.391 seconds
