[2026-02-03T19:39:56.914+0000] {taskinstance.py:1159} INFO - Dependencies all met for dep_context=non-requeueable deps ti=<TaskInstance: stock_data_pipeline.fetch_stock_data manual__2026-02-03T19:39:54+00:00 [queued]>
[2026-02-03T19:39:56.919+0000] {taskinstance.py:1159} INFO - Dependencies all met for dep_context=requeueable deps ti=<TaskInstance: stock_data_pipeline.fetch_stock_data manual__2026-02-03T19:39:54+00:00 [queued]>
[2026-02-03T19:39:56.919+0000] {taskinstance.py:1361} INFO - Starting attempt 1 of 3
[2026-02-03T19:39:56.925+0000] {taskinstance.py:1382} INFO - Executing <Task(PythonOperator): fetch_stock_data> on 2026-02-03 19:39:54+00:00
[2026-02-03T19:39:56.929+0000] {standard_task_runner.py:57} INFO - Started process 446 to run task
[2026-02-03T19:39:56.931+0000] {standard_task_runner.py:84} INFO - Running: ['***', 'tasks', 'run', 'stock_data_pipeline', 'fetch_stock_data', 'manual__2026-02-03T19:39:54+00:00', '--job-id', '12', '--raw', '--subdir', 'DAGS_FOLDER/stock_pipeline_dag.py', '--cfg-path', '/tmp/tmp1zain410']
[2026-02-03T19:39:56.932+0000] {standard_task_runner.py:85} INFO - Job 12: Subtask fetch_stock_data
[2026-02-03T19:39:56.961+0000] {task_command.py:416} INFO - Running <TaskInstance: stock_data_pipeline.fetch_stock_data manual__2026-02-03T19:39:54+00:00 [running]> on host 3e6d57f63b6a
[2026-02-03T19:39:57.011+0000] {taskinstance.py:1662} INFO - Exporting env vars: AIRFLOW_CTX_DAG_OWNER='data-engineering' AIRFLOW_CTX_DAG_ID='stock_data_pipeline' AIRFLOW_CTX_TASK_ID='fetch_stock_data' AIRFLOW_CTX_EXECUTION_DATE='2026-02-03T19:39:54+00:00' AIRFLOW_CTX_TRY_NUMBER='1' AIRFLOW_CTX_DAG_RUN_ID='manual__2026-02-03T19:39:54+00:00'
[2026-02-03T19:39:57.013+0000] {minio_client.py:64} INFO - MinIO client initialized for endpoint: minio:9000
[2026-02-03T19:39:57.016+0000] {minio_client.py:76} INFO - Bucket already exists: bronze
[2026-02-03T19:39:57.017+0000] {minio_client.py:76} INFO - Bucket already exists: silver
[2026-02-03T19:39:57.018+0000] {minio_client.py:76} INFO - Bucket already exists: gold
[2026-02-03T19:39:57.018+0000] {stock_fetcher.py:155} INFO - Processing symbol: AAPL
[2026-02-03T19:39:57.018+0000] {stock_fetcher.py:73} INFO - Fetching daily data for AAPL...
[2026-02-03T19:39:57.588+0000] {stock_fetcher.py:92} INFO - Successfully fetched data for AAPL
[2026-02-03T19:39:57.601+0000] {minio_client.py:114} INFO - Uploaded JSON to: bronze/stocks/AAPL/2026-02-03.json
[2026-02-03T19:39:57.601+0000] {stock_fetcher.py:160} INFO - Stored AAPL data at: bronze/stocks/AAPL/2026-02-03.json
[2026-02-03T19:39:57.601+0000] {stock_fetcher.py:155} INFO - Processing symbol: GOOGL
[2026-02-03T19:39:57.601+0000] {stock_fetcher.py:73} INFO - Fetching daily data for GOOGL...
[2026-02-03T19:39:57.909+0000] {stock_fetcher.py:89} ERROR - Unexpected response format for GOOGL
[2026-02-03T19:39:57.910+0000] {stock_fetcher.py:162} WARNING - Failed to fetch/store data for GOOGL
[2026-02-03T19:39:57.911+0000] {stock_fetcher.py:155} INFO - Processing symbol: MSFT
[2026-02-03T19:39:57.911+0000] {stock_fetcher.py:73} INFO - Fetching daily data for MSFT...
[2026-02-03T19:39:58.210+0000] {stock_fetcher.py:89} ERROR - Unexpected response format for MSFT
[2026-02-03T19:39:58.211+0000] {stock_fetcher.py:162} WARNING - Failed to fetch/store data for MSFT
[2026-02-03T19:39:58.211+0000] {stock_fetcher.py:155} INFO - Processing symbol: AMZN
[2026-02-03T19:39:58.211+0000] {stock_fetcher.py:73} INFO - Fetching daily data for AMZN...
[2026-02-03T19:39:59.225+0000] {stock_fetcher.py:92} INFO - Successfully fetched data for AMZN
[2026-02-03T19:39:59.234+0000] {minio_client.py:114} INFO - Uploaded JSON to: bronze/stocks/AMZN/2026-02-03.json
[2026-02-03T19:39:59.234+0000] {stock_fetcher.py:160} INFO - Stored AMZN data at: bronze/stocks/AMZN/2026-02-03.json
[2026-02-03T19:39:59.234+0000] {stock_fetcher.py:194} INFO - Ingestion complete: 2/4 symbols successful
[2026-02-03T19:39:59.244+0000] {python.py:194} INFO - Done. Returned value was: {'status': 'success', 'symbols_processed': 2, 'total_symbols': 4}
[2026-02-03T19:39:59.260+0000] {taskinstance.py:1400} INFO - Marking task as SUCCESS. dag_id=stock_data_pipeline, task_id=fetch_stock_data, execution_date=20260203T193954, start_date=20260203T193956, end_date=20260203T193959
[2026-02-03T19:39:59.272+0000] {local_task_job_runner.py:228} INFO - Task exited with return code 0
[2026-02-03T19:39:59.289+0000] {taskinstance.py:2778} INFO - 1 downstream tasks scheduled from follow-on schedule check
