[2026-02-05T09:06:24.539+0000] {taskinstance.py:1159} INFO - Dependencies all met for dep_context=non-requeueable deps ti=<TaskInstance: stock_data_pipeline.transform_to_silver manual__2026-02-05T09:06:19.979787+00:00 [queued]>
[2026-02-05T09:06:24.544+0000] {taskinstance.py:1159} INFO - Dependencies all met for dep_context=requeueable deps ti=<TaskInstance: stock_data_pipeline.transform_to_silver manual__2026-02-05T09:06:19.979787+00:00 [queued]>
[2026-02-05T09:06:24.544+0000] {taskinstance.py:1361} INFO - Starting attempt 1 of 3
[2026-02-05T09:06:24.552+0000] {taskinstance.py:1382} INFO - Executing <Task(PythonOperator): transform_to_silver> on 2026-02-05 09:06:19.979787+00:00
[2026-02-05T09:06:24.556+0000] {standard_task_runner.py:57} INFO - Started process 378 to run task
[2026-02-05T09:06:24.558+0000] {standard_task_runner.py:84} INFO - Running: ['***', 'tasks', 'run', 'stock_data_pipeline', 'transform_to_silver', 'manual__2026-02-05T09:06:19.979787+00:00', '--job-id', '78', '--raw', '--subdir', 'DAGS_FOLDER/stock_pipeline_dag.py', '--cfg-path', '/tmp/tmp4zxbhn2a']
[2026-02-05T09:06:24.559+0000] {standard_task_runner.py:85} INFO - Job 78: Subtask transform_to_silver
[2026-02-05T09:06:24.591+0000] {task_command.py:416} INFO - Running <TaskInstance: stock_data_pipeline.transform_to_silver manual__2026-02-05T09:06:19.979787+00:00 [running]> on host a369b519bc2e
[2026-02-05T09:06:24.645+0000] {taskinstance.py:1662} INFO - Exporting env vars: AIRFLOW_CTX_DAG_OWNER='data-engineering' AIRFLOW_CTX_DAG_ID='stock_data_pipeline' AIRFLOW_CTX_TASK_ID='transform_to_silver' AIRFLOW_CTX_EXECUTION_DATE='2026-02-05T09:06:19.979787+00:00' AIRFLOW_CTX_TRY_NUMBER='1' AIRFLOW_CTX_DAG_RUN_ID='manual__2026-02-05T09:06:19.979787+00:00'
[2026-02-05T09:06:24.647+0000] {minio_client.py:64} INFO - MinIO client initialized for endpoint: minio:9000
[2026-02-05T09:06:24.652+0000] {minio_client.py:232} INFO - Listed 8 objects in bronze/stocks/
[2026-02-05T09:06:24.653+0000] {minio_client.py:177} INFO - Downloaded JSON from: bronze/stocks/AAPL/2026-02-03.json
[2026-02-05T09:06:24.680+0000] {logging_mixin.py:154} WARNING - /home/***/.local/lib/python3.10/site-packages/pyarrow/pandas_compat.py:456 FutureWarning: is_sparse is deprecated and will be removed in a future version. Check `isinstance(dtype, pd.SparseDtype)` instead.
[2026-02-05T09:06:24.686+0000] {minio_client.py:153} INFO - Uploaded Parquet to: silver/stocks/AAPL/2026-02-03.parquet
[2026-02-05T09:06:24.686+0000] {bronze_to_silver.py:176} INFO - Transformed 100 records for AAPL to Silver layer
[2026-02-05T09:06:24.687+0000] {minio_client.py:177} INFO - Downloaded JSON from: bronze/stocks/AAPL/2026-02-04.json
[2026-02-05T09:06:24.711+0000] {minio_client.py:153} INFO - Uploaded Parquet to: silver/stocks/AAPL/2026-02-04.parquet
[2026-02-05T09:06:24.711+0000] {bronze_to_silver.py:176} INFO - Transformed 100 records for AAPL to Silver layer
[2026-02-05T09:06:24.713+0000] {minio_client.py:177} INFO - Downloaded JSON from: bronze/stocks/AAPL/2026-02-05.json
[2026-02-05T09:06:24.736+0000] {minio_client.py:153} INFO - Uploaded Parquet to: silver/stocks/AAPL/2026-02-05.parquet
[2026-02-05T09:06:24.736+0000] {bronze_to_silver.py:176} INFO - Transformed 100 records for AAPL to Silver layer
[2026-02-05T09:06:24.737+0000] {minio_client.py:177} INFO - Downloaded JSON from: bronze/stocks/AMZN/2026-02-03.json
[2026-02-05T09:06:24.760+0000] {minio_client.py:153} INFO - Uploaded Parquet to: silver/stocks/AMZN/2026-02-03.parquet
[2026-02-05T09:06:24.760+0000] {bronze_to_silver.py:176} INFO - Transformed 100 records for AMZN to Silver layer
[2026-02-05T09:06:24.761+0000] {minio_client.py:177} INFO - Downloaded JSON from: bronze/stocks/AMZN/2026-02-04.json
[2026-02-05T09:06:24.784+0000] {minio_client.py:153} INFO - Uploaded Parquet to: silver/stocks/AMZN/2026-02-04.parquet
[2026-02-05T09:06:24.784+0000] {bronze_to_silver.py:176} INFO - Transformed 100 records for AMZN to Silver layer
[2026-02-05T09:06:24.786+0000] {minio_client.py:177} INFO - Downloaded JSON from: bronze/stocks/AMZN/2026-02-05.json
[2026-02-05T09:06:24.808+0000] {minio_client.py:153} INFO - Uploaded Parquet to: silver/stocks/AMZN/2026-02-05.parquet
[2026-02-05T09:06:24.808+0000] {bronze_to_silver.py:176} INFO - Transformed 100 records for AMZN to Silver layer
[2026-02-05T09:06:24.810+0000] {minio_client.py:177} INFO - Downloaded JSON from: bronze/stocks/GOOG/2026-02-05.json
[2026-02-05T09:06:24.835+0000] {minio_client.py:153} INFO - Uploaded Parquet to: silver/stocks/GOOG/2026-02-05.parquet
[2026-02-05T09:06:24.836+0000] {bronze_to_silver.py:176} INFO - Transformed 100 records for GOOG to Silver layer
[2026-02-05T09:06:24.837+0000] {minio_client.py:177} INFO - Downloaded JSON from: bronze/stocks/MSFT/2026-02-03.json
[2026-02-05T09:06:24.864+0000] {minio_client.py:153} INFO - Uploaded Parquet to: silver/stocks/MSFT/2026-02-03.parquet
[2026-02-05T09:06:24.864+0000] {bronze_to_silver.py:176} INFO - Transformed 100 records for MSFT to Silver layer
[2026-02-05T09:06:24.865+0000] {bronze_to_silver.py:247} INFO - Bronze to Silver complete: 8 files processed for 4 symbols
[2026-02-05T09:06:24.875+0000] {python.py:194} INFO - Done. Returned value was: {'status': 'success', 'symbols_processed': 4, 'files_created': 8}
[2026-02-05T09:06:24.894+0000] {taskinstance.py:1400} INFO - Marking task as SUCCESS. dag_id=stock_data_pipeline, task_id=transform_to_silver, execution_date=20260205T090619, start_date=20260205T090624, end_date=20260205T090624
[2026-02-05T09:06:24.930+0000] {local_task_job_runner.py:228} INFO - Task exited with return code 0
[2026-02-05T09:06:24.952+0000] {taskinstance.py:2778} INFO - 1 downstream tasks scheduled from follow-on schedule check
