[2026-02-03T19:42:24.952+0000] {taskinstance.py:1159} INFO - Dependencies all met for dep_context=non-requeueable deps ti=<TaskInstance: stock_data_pipeline.load_to_warehouse manual__2026-02-03T19:42:17.351274+00:00 [queued]>
[2026-02-03T19:42:24.963+0000] {taskinstance.py:1159} INFO - Dependencies all met for dep_context=requeueable deps ti=<TaskInstance: stock_data_pipeline.load_to_warehouse manual__2026-02-03T19:42:17.351274+00:00 [queued]>
[2026-02-03T19:42:24.963+0000] {taskinstance.py:1361} INFO - Starting attempt 1 of 3
[2026-02-03T19:42:24.977+0000] {taskinstance.py:1382} INFO - Executing <Task(PythonOperator): load_to_warehouse> on 2026-02-03 19:42:17.351274+00:00
[2026-02-03T19:42:24.988+0000] {standard_task_runner.py:57} INFO - Started process 561 to run task
[2026-02-03T19:42:24.991+0000] {standard_task_runner.py:84} INFO - Running: ['***', 'tasks', 'run', 'stock_data_pipeline', 'load_to_warehouse', 'manual__2026-02-03T19:42:17.351274+00:00', '--job-id', '19', '--raw', '--subdir', 'DAGS_FOLDER/stock_pipeline_dag.py', '--cfg-path', '/tmp/tmp48ibnn_w']
[2026-02-03T19:42:24.993+0000] {standard_task_runner.py:85} INFO - Job 19: Subtask load_to_warehouse
[2026-02-03T19:42:25.052+0000] {task_command.py:416} INFO - Running <TaskInstance: stock_data_pipeline.load_to_warehouse manual__2026-02-03T19:42:17.351274+00:00 [running]> on host 3e6d57f63b6a
[2026-02-03T19:42:25.143+0000] {taskinstance.py:1662} INFO - Exporting env vars: AIRFLOW_CTX_DAG_OWNER='data-engineering' AIRFLOW_CTX_DAG_ID='stock_data_pipeline' AIRFLOW_CTX_TASK_ID='load_to_warehouse' AIRFLOW_CTX_EXECUTION_DATE='2026-02-03T19:42:17.351274+00:00' AIRFLOW_CTX_TRY_NUMBER='1' AIRFLOW_CTX_DAG_RUN_ID='manual__2026-02-03T19:42:17.351274+00:00'
[2026-02-03T19:42:25.146+0000] {minio_client.py:64} INFO - MinIO client initialized for endpoint: minio:9000
[2026-02-03T19:42:25.152+0000] {minio_client.py:232} INFO - Listed 3 objects in gold/kpis/daily/
[2026-02-03T19:42:25.154+0000] {minio_client.py:201} INFO - Downloaded Parquet from: gold/kpis/daily/AAPL/2026-02-03.parquet
[2026-02-03T19:42:25.193+0000] {warehouse.py:183} INFO - Inserted/updated 100 KPI records
[2026-02-03T19:42:25.195+0000] {minio_client.py:201} INFO - Downloaded Parquet from: gold/kpis/daily/AMZN/2026-02-03.parquet
[2026-02-03T19:42:25.214+0000] {warehouse.py:183} INFO - Inserted/updated 100 KPI records
[2026-02-03T19:42:25.215+0000] {minio_client.py:201} INFO - Downloaded Parquet from: gold/kpis/daily/MSFT/2026-02-03.parquet
[2026-02-03T19:42:25.234+0000] {warehouse.py:183} INFO - Inserted/updated 100 KPI records
[2026-02-03T19:42:25.235+0000] {python.py:194} INFO - Done. Returned value was: {'status': 'success', 'files_processed': 3, 'rows_inserted': 300}
[2026-02-03T19:42:25.254+0000] {taskinstance.py:1400} INFO - Marking task as SUCCESS. dag_id=stock_data_pipeline, task_id=load_to_warehouse, execution_date=20260203T194217, start_date=20260203T194224, end_date=20260203T194225
[2026-02-03T19:42:25.283+0000] {local_task_job_runner.py:228} INFO - Task exited with return code 0
[2026-02-03T19:42:25.297+0000] {taskinstance.py:2778} INFO - 0 downstream tasks scheduled from follow-on schedule check
