[2026-02-04T18:00:05.837+0000] {taskinstance.py:1159} INFO - Dependencies all met for dep_context=non-requeueable deps ti=<TaskInstance: stock_data_pipeline.calculate_kpis scheduled__2026-02-03T18:00:00+00:00 [queued]>
[2026-02-04T18:00:05.841+0000] {taskinstance.py:1159} INFO - Dependencies all met for dep_context=requeueable deps ti=<TaskInstance: stock_data_pipeline.calculate_kpis scheduled__2026-02-03T18:00:00+00:00 [queued]>
[2026-02-04T18:00:05.841+0000] {taskinstance.py:1361} INFO - Starting attempt 1 of 3
[2026-02-04T18:00:05.848+0000] {taskinstance.py:1382} INFO - Executing <Task(PythonOperator): calculate_kpis> on 2026-02-03 18:00:00+00:00
[2026-02-04T18:00:05.852+0000] {standard_task_runner.py:57} INFO - Started process 2299 to run task
[2026-02-04T18:00:05.854+0000] {standard_task_runner.py:84} INFO - Running: ['***', 'tasks', 'run', 'stock_data_pipeline', 'calculate_kpis', 'scheduled__2026-02-03T18:00:00+00:00', '--job-id', '67', '--raw', '--subdir', 'DAGS_FOLDER/stock_pipeline_dag.py', '--cfg-path', '/tmp/tmp0md8v9ir']
[2026-02-04T18:00:05.855+0000] {standard_task_runner.py:85} INFO - Job 67: Subtask calculate_kpis
[2026-02-04T18:00:05.884+0000] {task_command.py:416} INFO - Running <TaskInstance: stock_data_pipeline.calculate_kpis scheduled__2026-02-03T18:00:00+00:00 [running]> on host 4695a9e010e7
[2026-02-04T18:00:05.933+0000] {taskinstance.py:1662} INFO - Exporting env vars: AIRFLOW_CTX_DAG_OWNER='data-engineering' AIRFLOW_CTX_DAG_ID='stock_data_pipeline' AIRFLOW_CTX_TASK_ID='calculate_kpis' AIRFLOW_CTX_EXECUTION_DATE='2026-02-03T18:00:00+00:00' AIRFLOW_CTX_TRY_NUMBER='1' AIRFLOW_CTX_DAG_RUN_ID='scheduled__2026-02-03T18:00:00+00:00'
[2026-02-04T18:00:05.935+0000] {minio_client.py:64} INFO - MinIO client initialized for endpoint: minio:9000
[2026-02-04T18:00:05.939+0000] {minio_client.py:232} INFO - Listed 5 objects in silver/stocks/
[2026-02-04T18:00:05.940+0000] {minio_client.py:232} INFO - Listed 1 objects in silver/stocks/MSFT/
[2026-02-04T18:00:05.941+0000] {minio_client.py:201} INFO - Downloaded Parquet from: silver/stocks/MSFT/2026-02-03.parquet
[2026-02-04T18:00:05.970+0000] {logging_mixin.py:154} WARNING - /home/***/.local/lib/python3.10/site-packages/pyarrow/pandas_compat.py:456 FutureWarning: is_sparse is deprecated and will be removed in a future version. Check `isinstance(dtype, pd.SparseDtype)` instead.
[2026-02-04T18:00:05.976+0000] {minio_client.py:153} INFO - Uploaded Parquet to: gold/kpis/daily/MSFT/2026-02-04.parquet
[2026-02-04T18:00:05.976+0000] {silver_to_gold.py:219} INFO - Calculated KPIs for MSFT: 100 records
[2026-02-04T18:00:05.978+0000] {minio_client.py:232} INFO - Listed 2 objects in silver/stocks/AAPL/
[2026-02-04T18:00:05.979+0000] {minio_client.py:201} INFO - Downloaded Parquet from: silver/stocks/AAPL/2026-02-03.parquet
[2026-02-04T18:00:05.982+0000] {minio_client.py:201} INFO - Downloaded Parquet from: silver/stocks/AAPL/2026-02-04.parquet
[2026-02-04T18:00:05.991+0000] {logging_mixin.py:154} WARNING - /home/***/.local/lib/python3.10/site-packages/pyarrow/pandas_compat.py:456 FutureWarning: is_sparse is deprecated and will be removed in a future version. Check `isinstance(dtype, pd.SparseDtype)` instead.
[2026-02-04T18:00:05.996+0000] {minio_client.py:153} INFO - Uploaded Parquet to: gold/kpis/daily/AAPL/2026-02-04.parquet
[2026-02-04T18:00:05.996+0000] {silver_to_gold.py:219} INFO - Calculated KPIs for AAPL: 101 records
[2026-02-04T18:00:05.998+0000] {minio_client.py:232} INFO - Listed 2 objects in silver/stocks/AMZN/
[2026-02-04T18:00:05.999+0000] {minio_client.py:201} INFO - Downloaded Parquet from: silver/stocks/AMZN/2026-02-03.parquet
[2026-02-04T18:00:06.002+0000] {minio_client.py:201} INFO - Downloaded Parquet from: silver/stocks/AMZN/2026-02-04.parquet
[2026-02-04T18:00:06.010+0000] {logging_mixin.py:154} WARNING - /home/***/.local/lib/python3.10/site-packages/pyarrow/pandas_compat.py:456 FutureWarning: is_sparse is deprecated and will be removed in a future version. Check `isinstance(dtype, pd.SparseDtype)` instead.
[2026-02-04T18:00:06.015+0000] {minio_client.py:153} INFO - Uploaded Parquet to: gold/kpis/daily/AMZN/2026-02-04.parquet
[2026-02-04T18:00:06.015+0000] {silver_to_gold.py:219} INFO - Calculated KPIs for AMZN: 101 records
[2026-02-04T18:00:06.015+0000] {silver_to_gold.py:281} INFO - Silver to Gold complete: 3/3 symbols processed
[2026-02-04T18:00:06.024+0000] {python.py:194} INFO - Done. Returned value was: {'status': 'success', 'symbols_processed': 3, 'total_symbols': 3}
[2026-02-04T18:00:06.037+0000] {taskinstance.py:1400} INFO - Marking task as SUCCESS. dag_id=stock_data_pipeline, task_id=calculate_kpis, execution_date=20260203T180000, start_date=20260204T180005, end_date=20260204T180006
[2026-02-04T18:00:06.067+0000] {local_task_job_runner.py:228} INFO - Task exited with return code 0
[2026-02-04T18:00:06.098+0000] {taskinstance.py:2778} INFO - 1 downstream tasks scheduled from follow-on schedule check
