[2026-02-05T09:06:27.309+0000] {taskinstance.py:1159} INFO - Dependencies all met for dep_context=non-requeueable deps ti=<TaskInstance: stock_data_pipeline.load_to_warehouse manual__2026-02-05T09:06:19.979787+00:00 [queued]>
[2026-02-05T09:06:27.314+0000] {taskinstance.py:1159} INFO - Dependencies all met for dep_context=requeueable deps ti=<TaskInstance: stock_data_pipeline.load_to_warehouse manual__2026-02-05T09:06:19.979787+00:00 [queued]>
[2026-02-05T09:06:27.314+0000] {taskinstance.py:1361} INFO - Starting attempt 1 of 3
[2026-02-05T09:06:27.322+0000] {taskinstance.py:1382} INFO - Executing <Task(PythonOperator): load_to_warehouse> on 2026-02-05 09:06:19.979787+00:00
[2026-02-05T09:06:27.326+0000] {standard_task_runner.py:57} INFO - Started process 394 to run task
[2026-02-05T09:06:27.328+0000] {standard_task_runner.py:84} INFO - Running: ['***', 'tasks', 'run', 'stock_data_pipeline', 'load_to_warehouse', 'manual__2026-02-05T09:06:19.979787+00:00', '--job-id', '80', '--raw', '--subdir', 'DAGS_FOLDER/stock_pipeline_dag.py', '--cfg-path', '/tmp/tmpxjterrfp']
[2026-02-05T09:06:27.329+0000] {standard_task_runner.py:85} INFO - Job 80: Subtask load_to_warehouse
[2026-02-05T09:06:27.361+0000] {task_command.py:416} INFO - Running <TaskInstance: stock_data_pipeline.load_to_warehouse manual__2026-02-05T09:06:19.979787+00:00 [running]> on host a369b519bc2e
[2026-02-05T09:06:27.418+0000] {taskinstance.py:1662} INFO - Exporting env vars: AIRFLOW_CTX_DAG_OWNER='data-engineering' AIRFLOW_CTX_DAG_ID='stock_data_pipeline' AIRFLOW_CTX_TASK_ID='load_to_warehouse' AIRFLOW_CTX_EXECUTION_DATE='2026-02-05T09:06:19.979787+00:00' AIRFLOW_CTX_TRY_NUMBER='1' AIRFLOW_CTX_DAG_RUN_ID='manual__2026-02-05T09:06:19.979787+00:00'
[2026-02-05T09:06:27.420+0000] {minio_client.py:64} INFO - MinIO client initialized for endpoint: minio:9000
[2026-02-05T09:06:27.424+0000] {minio_client.py:232} INFO - Listed 10 objects in gold/kpis/daily/
[2026-02-05T09:06:27.425+0000] {minio_client.py:201} INFO - Downloaded Parquet from: gold/kpis/daily/AAPL/2026-02-03.parquet
[2026-02-05T09:06:27.451+0000] {warehouse.py:183} INFO - Inserted/updated 100 KPI records
[2026-02-05T09:06:27.452+0000] {minio_client.py:201} INFO - Downloaded Parquet from: gold/kpis/daily/AAPL/2026-02-04.parquet
[2026-02-05T09:06:27.469+0000] {warehouse.py:183} INFO - Inserted/updated 101 KPI records
[2026-02-05T09:06:27.470+0000] {minio_client.py:201} INFO - Downloaded Parquet from: gold/kpis/daily/AAPL/2026-02-05.parquet
[2026-02-05T09:06:27.486+0000] {warehouse.py:183} INFO - Inserted/updated 102 KPI records
[2026-02-05T09:06:27.488+0000] {minio_client.py:201} INFO - Downloaded Parquet from: gold/kpis/daily/AMZN/2026-02-03.parquet
[2026-02-05T09:06:27.503+0000] {warehouse.py:183} INFO - Inserted/updated 100 KPI records
[2026-02-05T09:06:27.505+0000] {minio_client.py:201} INFO - Downloaded Parquet from: gold/kpis/daily/AMZN/2026-02-04.parquet
[2026-02-05T09:06:27.521+0000] {warehouse.py:183} INFO - Inserted/updated 101 KPI records
[2026-02-05T09:06:27.523+0000] {minio_client.py:201} INFO - Downloaded Parquet from: gold/kpis/daily/AMZN/2026-02-05.parquet
[2026-02-05T09:06:27.539+0000] {warehouse.py:183} INFO - Inserted/updated 102 KPI records
[2026-02-05T09:06:27.540+0000] {minio_client.py:201} INFO - Downloaded Parquet from: gold/kpis/daily/GOOG/2026-02-05.parquet
[2026-02-05T09:06:27.556+0000] {warehouse.py:183} INFO - Inserted/updated 100 KPI records
[2026-02-05T09:06:27.558+0000] {minio_client.py:201} INFO - Downloaded Parquet from: gold/kpis/daily/MSFT/2026-02-03.parquet
[2026-02-05T09:06:27.573+0000] {warehouse.py:183} INFO - Inserted/updated 100 KPI records
[2026-02-05T09:06:27.575+0000] {minio_client.py:201} INFO - Downloaded Parquet from: gold/kpis/daily/MSFT/2026-02-04.parquet
[2026-02-05T09:06:27.591+0000] {warehouse.py:183} INFO - Inserted/updated 100 KPI records
[2026-02-05T09:06:27.592+0000] {minio_client.py:201} INFO - Downloaded Parquet from: gold/kpis/daily/MSFT/2026-02-05.parquet
[2026-02-05T09:06:27.608+0000] {warehouse.py:183} INFO - Inserted/updated 100 KPI records
[2026-02-05T09:06:27.608+0000] {python.py:194} INFO - Done. Returned value was: {'status': 'success', 'files_processed': 10, 'rows_inserted': 1006}
[2026-02-05T09:06:27.625+0000] {taskinstance.py:1400} INFO - Marking task as SUCCESS. dag_id=stock_data_pipeline, task_id=load_to_warehouse, execution_date=20260205T090619, start_date=20260205T090627, end_date=20260205T090627
[2026-02-05T09:06:27.660+0000] {local_task_job_runner.py:228} INFO - Task exited with return code 0
[2026-02-05T09:06:27.686+0000] {taskinstance.py:2778} INFO - 0 downstream tasks scheduled from follow-on schedule check
